<?xml version="1.0" encoding="UTF-8"?>
<testsuite name="org.refrigerator.springboot.web.HelloControllerTest" tests="2" skipped="0" failures="0" errors="0" timestamp="2020-03-30T11:45:45" hostname="MSI-laptop" time="0.602">
  <properties/>
  <testcase name="hello가_리턴된다" classname="org.refrigerator.springboot.web.HelloControllerTest" time="0.517"/>
  <testcase name="helloDto가_리턴된다" classname="org.refrigerator.springboot.web.HelloControllerTest" time="0.084"/>
  <system-out><![CDATA[20:45:41.988 [Test worker] DEBUG org.springframework.test.context.junit4.SpringJUnit4ClassRunner - SpringJUnit4ClassRunner constructor called with [class org.refrigerator.springboot.web.HelloControllerTest]
20:45:41.999 [Test worker] DEBUG org.springframework.test.context.BootstrapUtils - Instantiating CacheAwareContextLoaderDelegate from class [org.springframework.test.context.cache.DefaultCacheAwareContextLoaderDelegate]
20:45:42.008 [Test worker] DEBUG org.springframework.test.context.BootstrapUtils - Instantiating BootstrapContext using constructor [public org.springframework.test.context.support.DefaultBootstrapContext(java.lang.Class,org.springframework.test.context.CacheAwareContextLoaderDelegate)]
20:45:42.028 [Test worker] DEBUG org.springframework.test.context.BootstrapUtils - Instantiating TestContextBootstrapper for test class [org.refrigerator.springboot.web.HelloControllerTest] from class [org.springframework.boot.test.autoconfigure.web.servlet.WebMvcTestContextBootstrapper]
20:45:42.050 [Test worker] INFO org.springframework.boot.test.autoconfigure.web.servlet.WebMvcTestContextBootstrapper - Neither @ContextConfiguration nor @ContextHierarchy found for test class [org.refrigerator.springboot.web.HelloControllerTest], using SpringBootContextLoader
20:45:42.055 [Test worker] DEBUG org.springframework.test.context.support.AbstractContextLoader - Did not detect default resource location for test class [org.refrigerator.springboot.web.HelloControllerTest]: class path resource [org/refrigerator/springboot/web/HelloControllerTest-context.xml] does not exist
20:45:42.056 [Test worker] DEBUG org.springframework.test.context.support.AbstractContextLoader - Did not detect default resource location for test class [org.refrigerator.springboot.web.HelloControllerTest]: class path resource [org/refrigerator/springboot/web/HelloControllerTestContext.groovy] does not exist
20:45:42.056 [Test worker] INFO org.springframework.test.context.support.AbstractContextLoader - Could not detect default resource locations for test class [org.refrigerator.springboot.web.HelloControllerTest]: no resource found for suffixes {-context.xml, Context.groovy}.
20:45:42.057 [Test worker] INFO org.springframework.test.context.support.AnnotationConfigContextLoaderUtils - Could not detect default configuration classes for test class [org.refrigerator.springboot.web.HelloControllerTest]: HelloControllerTest does not declare any static, non-private, non-final, nested classes annotated with @Configuration.
20:45:42.138 [Test worker] DEBUG org.springframework.test.context.support.ActiveProfilesUtils - Could not find an 'annotation declaring class' for annotation type [org.springframework.test.context.ActiveProfiles] and class [org.refrigerator.springboot.web.HelloControllerTest]
20:45:42.235 [Test worker] DEBUG org.springframework.context.annotation.ClassPathScanningCandidateComponentProvider - Identified candidate component class: file [C:\Users\black\Desktop\pray-for-refrigerator\build\classes\java\main\org\refrigerator\springboot\Application.class]
20:45:42.236 [Test worker] INFO org.springframework.boot.test.context.SpringBootTestContextBootstrapper - Found @SpringBootConfiguration org.refrigerator.springboot.Application for test class org.refrigerator.springboot.web.HelloControllerTest
20:45:42.239 [Test worker] DEBUG org.springframework.boot.test.autoconfigure.web.servlet.WebMvcTestContextBootstrapper - @TestExecutionListeners is not present for class [org.refrigerator.springboot.web.HelloControllerTest]: using defaults.
20:45:42.240 [Test worker] INFO org.springframework.boot.test.autoconfigure.web.servlet.WebMvcTestContextBootstrapper - Loaded default TestExecutionListener class names from location [META-INF/spring.factories]: [org.springframework.security.test.context.support.WithSecurityContextTestExecutionListener, org.springframework.security.test.context.support.ReactorContextTestExecutionListener, org.springframework.boot.test.autoconfigure.restdocs.RestDocsTestExecutionListener, org.springframework.boot.test.autoconfigure.web.client.MockRestServiceServerResetTestExecutionListener, org.springframework.boot.test.autoconfigure.web.servlet.MockMvcPrintOnlyOnFailureTestExecutionListener, org.springframework.boot.test.autoconfigure.web.servlet.WebDriverTestExecutionListener, org.springframework.boot.test.mock.mockito.MockitoTestExecutionListener, org.springframework.boot.test.mock.mockito.ResetMocksTestExecutionListener, org.springframework.test.context.web.ServletTestExecutionListener, org.springframework.test.context.support.DirtiesContextBeforeModesTestExecutionListener, org.springframework.test.context.support.DependencyInjectionTestExecutionListener, org.springframework.test.context.support.DirtiesContextTestExecutionListener, org.springframework.test.context.transaction.TransactionalTestExecutionListener, org.springframework.test.context.jdbc.SqlScriptsTestExecutionListener]
20:45:42.267 [Test worker] INFO org.springframework.boot.test.autoconfigure.web.servlet.WebMvcTestContextBootstrapper - Using TestExecutionListeners: [org.springframework.test.context.web.ServletTestExecutionListener@7eb5fe4e, org.springframework.test.context.support.DirtiesContextBeforeModesTestExecutionListener@3d0fb074, org.springframework.boot.test.mock.mockito.MockitoTestExecutionListener@5fce4ac1, org.springframework.boot.test.autoconfigure.SpringBootDependencyInjectionTestExecutionListener@311a1d92, org.springframework.test.context.support.DirtiesContextTestExecutionListener@600cd271, org.springframework.test.context.transaction.TransactionalTestExecutionListener@20c04214, org.springframework.test.context.jdbc.SqlScriptsTestExecutionListener@d759c8f, org.springframework.security.test.context.support.WithSecurityContextTestExecutionListener@6c62e63e, org.springframework.security.test.context.support.ReactorContextTestExecutionListener@6afb3e99, org.springframework.boot.test.autoconfigure.restdocs.RestDocsTestExecutionListener@48091130, org.springframework.boot.test.autoconfigure.web.client.MockRestServiceServerResetTestExecutionListener@69397d5a, org.springframework.boot.test.autoconfigure.web.servlet.MockMvcPrintOnlyOnFailureTestExecutionListener@12913555, org.springframework.boot.test.autoconfigure.web.servlet.WebDriverTestExecutionListener@21adde68, org.springframework.boot.test.mock.mockito.ResetMocksTestExecutionListener@21addbfc]
20:45:42.271 [Test worker] DEBUG org.springframework.test.annotation.ProfileValueUtils - Retrieved @ProfileValueSourceConfiguration [null] for test class [org.refrigerator.springboot.web.HelloControllerTest]
20:45:42.272 [Test worker] DEBUG org.springframework.test.annotation.ProfileValueUtils - Retrieved ProfileValueSource type [class org.springframework.test.annotation.SystemProfileValueSource] for class [org.refrigerator.springboot.web.HelloControllerTest]
20:45:42.273 [Test worker] DEBUG org.springframework.test.annotation.ProfileValueUtils - Retrieved @ProfileValueSourceConfiguration [null] for test class [org.refrigerator.springboot.web.HelloControllerTest]
20:45:42.273 [Test worker] DEBUG org.springframework.test.annotation.ProfileValueUtils - Retrieved ProfileValueSource type [class org.springframework.test.annotation.SystemProfileValueSource] for class [org.refrigerator.springboot.web.HelloControllerTest]
20:45:42.279 [Test worker] DEBUG org.springframework.test.context.support.AbstractDirtiesContextTestExecutionListener - Before test class: context [DefaultTestContext@203f275e testClass = HelloControllerTest, testInstance = [null], testMethod = [null], testException = [null], mergedContextConfiguration = [WebMergedContextConfiguration@23b0a6d5 testClass = HelloControllerTest, locations = '{}', classes = '{class org.refrigerator.springboot.Application}', contextInitializerClasses = '[]', activeProfiles = '{}', propertySourceLocations = '{}', propertySourceProperties = '{org.springframework.boot.test.autoconfigure.web.servlet.WebMvcTestContextBootstrapper=true}', contextCustomizers = set[org.springframework.boot.test.autoconfigure.OverrideAutoConfigurationContextCustomizerFactory$DisableAutoConfigurationContextCustomizer@1605cbbb, org.springframework.boot.test.autoconfigure.filter.TypeExcludeFiltersContextCustomizer@a998e547, org.springframework.boot.test.autoconfigure.properties.PropertyMappingContextCustomizer@b54a259a, org.springframework.boot.test.autoconfigure.web.servlet.WebDriverContextCustomizerFactory$Customizer@2cd95c8d, [ImportsContextCustomizer@17228f9 key = [org.springframework.boot.autoconfigure.cache.CacheAutoConfiguration, org.springframework.boot.autoconfigure.context.MessageSourceAutoConfiguration, org.springframework.boot.autoconfigure.data.web.SpringDataWebAutoConfiguration, org.springframework.boot.autoconfigure.freemarker.FreeMarkerAutoConfiguration, org.springframework.boot.autoconfigure.groovy.template.GroovyTemplateAutoConfiguration, org.springframework.boot.autoconfigure.gson.GsonAutoConfiguration, org.springframework.boot.autoconfigure.hateoas.HypermediaAutoConfiguration, org.springframework.boot.autoconfigure.http.HttpMessageConvertersAutoConfiguration, org.springframework.boot.autoconfigure.jackson.JacksonAutoConfiguration, org.springframework.boot.autoconfigure.jsonb.JsonbAutoConfiguration, org.springframework.boot.autoconfigure.mustache.MustacheAutoConfiguration, org.springframework.boot.autoconfigure.task.TaskExecutionAutoConfiguration, org.springframework.boot.autoconfigure.thymeleaf.ThymeleafAutoConfiguration, org.springframework.boot.autoconfigure.validation.ValidationAutoConfiguration, org.springframework.boot.autoconfigure.web.servlet.error.ErrorMvcAutoConfiguration, org.springframework.boot.autoconfigure.web.servlet.WebMvcAutoConfiguration, org.springframework.boot.test.autoconfigure.web.servlet.MockMvcAutoConfiguration, org.springframework.boot.test.autoconfigure.web.servlet.MockMvcSecurityAutoConfiguration, org.springframework.boot.test.autoconfigure.web.servlet.MockMvcWebClientAutoConfiguration, org.springframework.boot.test.autoconfigure.web.servlet.MockMvcWebDriverAutoConfiguration]], org.springframework.boot.test.context.filter.ExcludeFilterContextCustomizer@524f03d0, org.springframework.boot.test.json.DuplicateJsonObjectContextCustomizerFactory$DuplicateJsonObjectContextCustomizer@7fd88908, org.springframework.boot.test.mock.mockito.MockitoContextCustomizer@0], resourceBasePath = 'src/main/webapp', contextLoader = 'org.springframework.boot.test.context.SpringBootContextLoader', parent = [null]], attributes = map[[empty]]], class annotated with @DirtiesContext [false] with mode [null].
20:45:42.281 [Test worker] DEBUG org.springframework.test.annotation.ProfileValueUtils - Retrieved @ProfileValueSourceConfiguration [null] for test class [org.refrigerator.springboot.web.HelloControllerTest]
20:45:42.281 [Test worker] DEBUG org.springframework.test.annotation.ProfileValueUtils - Retrieved ProfileValueSource type [class org.springframework.test.annotation.SystemProfileValueSource] for class [org.refrigerator.springboot.web.HelloControllerTest]
20:45:42.287 [Test worker] DEBUG org.springframework.test.context.support.DependencyInjectionTestExecutionListener - Performing dependency injection for test context [[DefaultTestContext@203f275e testClass = HelloControllerTest, testInstance = org.refrigerator.springboot.web.HelloControllerTest@5dc670a1, testMethod = [null], testException = [null], mergedContextConfiguration = [WebMergedContextConfiguration@23b0a6d5 testClass = HelloControllerTest, locations = '{}', classes = '{class org.refrigerator.springboot.Application}', contextInitializerClasses = '[]', activeProfiles = '{}', propertySourceLocations = '{}', propertySourceProperties = '{org.springframework.boot.test.autoconfigure.web.servlet.WebMvcTestContextBootstrapper=true}', contextCustomizers = set[org.springframework.boot.test.autoconfigure.OverrideAutoConfigurationContextCustomizerFactory$DisableAutoConfigurationContextCustomizer@1605cbbb, org.springframework.boot.test.autoconfigure.filter.TypeExcludeFiltersContextCustomizer@a998e547, org.springframework.boot.test.autoconfigure.properties.PropertyMappingContextCustomizer@b54a259a, org.springframework.boot.test.autoconfigure.web.servlet.WebDriverContextCustomizerFactory$Customizer@2cd95c8d, [ImportsContextCustomizer@17228f9 key = [org.springframework.boot.autoconfigure.cache.CacheAutoConfiguration, org.springframework.boot.autoconfigure.context.MessageSourceAutoConfiguration, org.springframework.boot.autoconfigure.data.web.SpringDataWebAutoConfiguration, org.springframework.boot.autoconfigure.freemarker.FreeMarkerAutoConfiguration, org.springframework.boot.autoconfigure.groovy.template.GroovyTemplateAutoConfiguration, org.springframework.boot.autoconfigure.gson.GsonAutoConfiguration, org.springframework.boot.autoconfigure.hateoas.HypermediaAutoConfiguration, org.springframework.boot.autoconfigure.http.HttpMessageConvertersAutoConfiguration, org.springframework.boot.autoconfigure.jackson.JacksonAutoConfiguration, org.springframework.boot.autoconfigure.jsonb.JsonbAutoConfiguration, org.springframework.boot.autoconfigure.mustache.MustacheAutoConfiguration, org.springframework.boot.autoconfigure.task.TaskExecutionAutoConfiguration, org.springframework.boot.autoconfigure.thymeleaf.ThymeleafAutoConfiguration, org.springframework.boot.autoconfigure.validation.ValidationAutoConfiguration, org.springframework.boot.autoconfigure.web.servlet.error.ErrorMvcAutoConfiguration, org.springframework.boot.autoconfigure.web.servlet.WebMvcAutoConfiguration, org.springframework.boot.test.autoconfigure.web.servlet.MockMvcAutoConfiguration, org.springframework.boot.test.autoconfigure.web.servlet.MockMvcSecurityAutoConfiguration, org.springframework.boot.test.autoconfigure.web.servlet.MockMvcWebClientAutoConfiguration, org.springframework.boot.test.autoconfigure.web.servlet.MockMvcWebDriverAutoConfiguration]], org.springframework.boot.test.context.filter.ExcludeFilterContextCustomizer@524f03d0, org.springframework.boot.test.json.DuplicateJsonObjectContextCustomizerFactory$DuplicateJsonObjectContextCustomizer@7fd88908, org.springframework.boot.test.mock.mockito.MockitoContextCustomizer@0], resourceBasePath = 'src/main/webapp', contextLoader = 'org.springframework.boot.test.context.SpringBootContextLoader', parent = [null]], attributes = map[[empty]]]].
20:45:42.438 [Test worker] DEBUG org.springframework.test.context.support.TestPropertySourceUtils - Adding inlined properties to environment: {spring.jmx.enabled=false, org.springframework.boot.test.autoconfigure.web.servlet.WebMvcTestContextBootstrapper=true, server.port=-1}

  .   ____          _            __ _ _
 /\\ / ___'_ __ _ _(_)_ __  __ _ \ \ \ \
( ( )\___ | '_ | '_| | '_ \/ _` | \ \ \ \
 \\/  ___)| |_)| | | | | || (_| |  ) ) ) )
  '  |____| .__|_| |_|_| |_\__, | / / / /
 =========|_|==============|___/=/_/_/_/
 :: Spring Boot ::        (v2.1.7.RELEASE)

2020-03-30 20:45:42.879  INFO 11972 --- [    Test worker] o.r.springboot.web.HelloControllerTest   : Starting HelloControllerTest on MSI-laptop with PID 11972 (started by black in C:\Users\black\Desktop\pray-for-refrigerator)
2020-03-30 20:45:42.882  INFO 11972 --- [    Test worker] o.r.springboot.web.HelloControllerTest   : No active profile set, falling back to default profiles: default
2020-03-30 20:45:44.784  INFO 11972 --- [    Test worker] o.s.s.concurrent.ThreadPoolTaskExecutor  : Initializing ExecutorService 'applicationTaskExecutor'
2020-03-30 20:45:44.899  INFO 11972 --- [    Test worker] o.s.b.a.w.s.WelcomePageHandlerMapping    : Adding welcome page template: index
2020-03-30 20:45:45.320  INFO 11972 --- [    Test worker] .s.s.UserDetailsServiceAutoConfiguration : 

Using generated security password: 767ee275-2107-4706-80b6-e26336de3818

2020-03-30 20:45:45.645  INFO 11972 --- [    Test worker] o.s.s.web.DefaultSecurityFilterChain     : Creating filter chain: any request, [org.springframework.security.web.context.request.async.WebAsyncManagerIntegrationFilter@2dc5a55, org.springframework.security.web.context.SecurityContextPersistenceFilter@1f884370, org.springframework.security.web.header.HeaderWriterFilter@6ee0b5af, org.springframework.security.web.csrf.CsrfFilter@281a4d04, org.springframework.security.web.authentication.logout.LogoutFilter@27c832f5, org.springframework.security.web.authentication.UsernamePasswordAuthenticationFilter@3b060824, org.springframework.security.web.authentication.ui.DefaultLoginPageGeneratingFilter@33af3ab6, org.springframework.security.web.authentication.ui.DefaultLogoutPageGeneratingFilter@52e07343, org.springframework.security.web.authentication.www.BasicAuthenticationFilter@33640967, org.springframework.security.web.savedrequest.RequestCacheAwareFilter@46373f31, org.springframework.security.web.servletapi.SecurityContextHolderAwareRequestFilter@b83021f, org.springframework.security.web.authentication.AnonymousAuthenticationFilter@71910eec, org.springframework.security.web.session.SessionManagementFilter@40ddb9cf, org.springframework.security.web.access.ExceptionTranslationFilter@83aeae, org.springframework.security.web.access.intercept.FilterSecurityInterceptor@454b925b]
2020-03-30 20:45:45.697  INFO 11972 --- [    Test worker] o.s.b.t.m.w.SpringBootMockServletContext : Initializing Spring TestDispatcherServlet ''
2020-03-30 20:45:45.698  INFO 11972 --- [    Test worker] o.s.t.web.servlet.TestDispatcherServlet  : Initializing Servlet ''
2020-03-30 20:45:45.716  INFO 11972 --- [    Test worker] o.s.t.web.servlet.TestDispatcherServlet  : Completed initialization in 18 ms
2020-03-30 20:45:45.776  INFO 11972 --- [    Test worker] o.r.springboot.web.HelloControllerTest   : Started HelloControllerTest in 3.326 seconds (JVM running for 5.077)
]]></system-out>
  <system-err><![CDATA[]]></system-err>
</testsuite>
