<?xml version="1.0" encoding="UTF-8"?>
<testsuite name="org.refrigerator.springboot.web.PostsApiControllerTest" tests="2" skipped="0" failures="0" errors="0" timestamp="2020-03-31T04:27:13" hostname="MSI-laptop" time="0.13">
  <properties/>
  <testcase name="Posts_등록된다" classname="org.refrigerator.springboot.web.PostsApiControllerTest" time="0.087"/>
  <testcase name="Posts_수정된다" classname="org.refrigerator.springboot.web.PostsApiControllerTest" time="0.042"/>
  <system-out><![CDATA[2020-03-31 13:27:13.049  INFO 17268 --- [    Test worker] .b.t.c.SpringBootTestContextBootstrapper : Neither @ContextConfiguration nor @ContextHierarchy found for test class [org.refrigerator.springboot.web.PostsApiControllerTest], using SpringBootContextLoader
2020-03-31 13:27:13.051  INFO 17268 --- [    Test worker] o.s.t.c.support.AbstractContextLoader    : Could not detect default resource locations for test class [org.refrigerator.springboot.web.PostsApiControllerTest]: no resource found for suffixes {-context.xml, Context.groovy}.
2020-03-31 13:27:13.051  INFO 17268 --- [    Test worker] t.c.s.AnnotationConfigContextLoaderUtils : Could not detect default configuration classes for test class [org.refrigerator.springboot.web.PostsApiControllerTest]: PostsApiControllerTest does not declare any static, non-private, non-final, nested classes annotated with @Configuration.
2020-03-31 13:27:13.055  INFO 17268 --- [    Test worker] .b.t.c.SpringBootTestContextBootstrapper : Found @SpringBootConfiguration org.refrigerator.springboot.Application for test class org.refrigerator.springboot.web.PostsApiControllerTest
2020-03-31 13:27:13.058  INFO 17268 --- [    Test worker] .b.t.c.SpringBootTestContextBootstrapper : Loaded default TestExecutionListener class names from location [META-INF/spring.factories]: [org.springframework.security.test.context.support.WithSecurityContextTestExecutionListener, org.springframework.security.test.context.support.ReactorContextTestExecutionListener, org.springframework.boot.test.autoconfigure.restdocs.RestDocsTestExecutionListener, org.springframework.boot.test.autoconfigure.web.client.MockRestServiceServerResetTestExecutionListener, org.springframework.boot.test.autoconfigure.web.servlet.MockMvcPrintOnlyOnFailureTestExecutionListener, org.springframework.boot.test.autoconfigure.web.servlet.WebDriverTestExecutionListener, org.springframework.boot.test.mock.mockito.MockitoTestExecutionListener, org.springframework.boot.test.mock.mockito.ResetMocksTestExecutionListener, org.springframework.test.context.web.ServletTestExecutionListener, org.springframework.test.context.support.DirtiesContextBeforeModesTestExecutionListener, org.springframework.test.context.support.DependencyInjectionTestExecutionListener, org.springframework.test.context.support.DirtiesContextTestExecutionListener, org.springframework.test.context.transaction.TransactionalTestExecutionListener, org.springframework.test.context.jdbc.SqlScriptsTestExecutionListener]
2020-03-31 13:27:13.059  INFO 17268 --- [    Test worker] .b.t.c.SpringBootTestContextBootstrapper : Using TestExecutionListeners: [org.springframework.test.context.web.ServletTestExecutionListener@b3e507b, org.springframework.test.context.support.DirtiesContextBeforeModesTestExecutionListener@43988134, org.springframework.boot.test.mock.mockito.MockitoTestExecutionListener@1595bbae, org.springframework.boot.test.autoconfigure.SpringBootDependencyInjectionTestExecutionListener@17288608, org.springframework.test.context.support.DirtiesContextTestExecutionListener@6eeca11e, org.springframework.test.context.transaction.TransactionalTestExecutionListener@697a0cd6, org.springframework.test.context.jdbc.SqlScriptsTestExecutionListener@518a929c, org.springframework.security.test.context.support.WithSecurityContextTestExecutionListener@2414663, org.springframework.security.test.context.support.ReactorContextTestExecutionListener@92ee364, org.springframework.boot.test.autoconfigure.restdocs.RestDocsTestExecutionListener@300b422b, org.springframework.boot.test.autoconfigure.web.client.MockRestServiceServerResetTestExecutionListener@351028c4, org.springframework.boot.test.autoconfigure.web.servlet.MockMvcPrintOnlyOnFailureTestExecutionListener@3dea025b, org.springframework.boot.test.autoconfigure.web.servlet.WebDriverTestExecutionListener@43a1e341, org.springframework.boot.test.mock.mockito.ResetMocksTestExecutionListener@29d1fb04]
2020-03-31 13:27:13.070  INFO 17268 --- [    Test worker] o.a.c.c.C.[Tomcat].[localhost].[/]       : Initializing Spring TestDispatcherServlet ''
2020-03-31 13:27:13.070  INFO 17268 --- [    Test worker] o.s.t.web.servlet.TestDispatcherServlet  : Initializing Servlet ''
2020-03-31 13:27:13.073  INFO 17268 --- [    Test worker] o.s.t.web.servlet.TestDispatcherServlet  : Completed initialization in 3 ms
Hibernate: insert into posts (created_date, modified_date, author, content, title) values (?, ?, ?, ?, ?)
Hibernate: select posts0_.id as id1_0_, posts0_.created_date as created_2_0_, posts0_.modified_date as modified3_0_, posts0_.author as author4_0_, posts0_.content as content5_0_, posts0_.title as title6_0_ from posts posts0_
Hibernate: select posts0_.id as id1_0_, posts0_.created_date as created_2_0_, posts0_.modified_date as modified3_0_, posts0_.author as author4_0_, posts0_.content as content5_0_, posts0_.title as title6_0_ from posts posts0_
Hibernate: delete from posts where id=?
2020-03-31 13:27:13.154  INFO 17268 --- [    Test worker] o.a.c.c.C.[Tomcat].[localhost].[/]       : Initializing Spring TestDispatcherServlet ''
2020-03-31 13:27:13.154  INFO 17268 --- [    Test worker] o.s.t.web.servlet.TestDispatcherServlet  : Initializing Servlet ''
2020-03-31 13:27:13.157  INFO 17268 --- [    Test worker] o.s.t.web.servlet.TestDispatcherServlet  : Completed initialization in 2 ms
Hibernate: insert into posts (created_date, modified_date, author, content, title) values (?, ?, ?, ?, ?)
Hibernate: select posts0_.id as id1_0_0_, posts0_.created_date as created_2_0_0_, posts0_.modified_date as modified3_0_0_, posts0_.author as author4_0_0_, posts0_.content as content5_0_0_, posts0_.title as title6_0_0_ from posts posts0_ where posts0_.id=?
Hibernate: update posts set created_date=?, modified_date=?, author=?, content=?, title=? where id=?
Hibernate: select posts0_.id as id1_0_, posts0_.created_date as created_2_0_, posts0_.modified_date as modified3_0_, posts0_.author as author4_0_, posts0_.content as content5_0_, posts0_.title as title6_0_ from posts posts0_
Hibernate: select posts0_.id as id1_0_, posts0_.created_date as created_2_0_, posts0_.modified_date as modified3_0_, posts0_.author as author4_0_, posts0_.content as content5_0_, posts0_.title as title6_0_ from posts posts0_
Hibernate: delete from posts where id=?
]]></system-out>
  <system-err><![CDATA[]]></system-err>
</testsuite>
