<?xml version="1.0" encoding="UTF-8"?>
<testsuite name="org.refrigerator.springboot.web.PostsApiControllerTest" tests="2" skipped="0" failures="0" errors="0" timestamp="2020-03-30T18:11:11" hostname="sunmon-laptop" time="0.453">
  <properties/>
  <testcase name="Posts_등록된다" classname="org.refrigerator.springboot.web.PostsApiControllerTest" time="0.391"/>
  <testcase name="Posts_수정된다" classname="org.refrigerator.springboot.web.PostsApiControllerTest" time="0.06"/>
  <system-out><![CDATA[03:11:06.228 [Test worker] DEBUG org.springframework.test.context.junit4.SpringJUnit4ClassRunner - SpringJUnit4ClassRunner constructor called with [class org.refrigerator.springboot.web.PostsApiControllerTest]
03:11:06.238 [Test worker] DEBUG org.springframework.test.context.BootstrapUtils - Instantiating CacheAwareContextLoaderDelegate from class [org.springframework.test.context.cache.DefaultCacheAwareContextLoaderDelegate]
03:11:06.247 [Test worker] DEBUG org.springframework.test.context.BootstrapUtils - Instantiating BootstrapContext using constructor [public org.springframework.test.context.support.DefaultBootstrapContext(java.lang.Class,org.springframework.test.context.CacheAwareContextLoaderDelegate)]
03:11:06.265 [Test worker] DEBUG org.springframework.test.context.BootstrapUtils - Instantiating TestContextBootstrapper for test class [org.refrigerator.springboot.web.PostsApiControllerTest] from class [org.springframework.boot.test.context.SpringBootTestContextBootstrapper]
03:11:06.275 [Test worker] INFO org.springframework.boot.test.context.SpringBootTestContextBootstrapper - Neither @ContextConfiguration nor @ContextHierarchy found for test class [org.refrigerator.springboot.web.PostsApiControllerTest], using SpringBootContextLoader
03:11:06.279 [Test worker] DEBUG org.springframework.test.context.support.AbstractContextLoader - Did not detect default resource location for test class [org.refrigerator.springboot.web.PostsApiControllerTest]: class path resource [org/refrigerator/springboot/web/PostsApiControllerTest-context.xml] does not exist
03:11:06.280 [Test worker] DEBUG org.springframework.test.context.support.AbstractContextLoader - Did not detect default resource location for test class [org.refrigerator.springboot.web.PostsApiControllerTest]: class path resource [org/refrigerator/springboot/web/PostsApiControllerTestContext.groovy] does not exist
03:11:06.281 [Test worker] INFO org.springframework.test.context.support.AbstractContextLoader - Could not detect default resource locations for test class [org.refrigerator.springboot.web.PostsApiControllerTest]: no resource found for suffixes {-context.xml, Context.groovy}.
03:11:06.282 [Test worker] INFO org.springframework.test.context.support.AnnotationConfigContextLoaderUtils - Could not detect default configuration classes for test class [org.refrigerator.springboot.web.PostsApiControllerTest]: PostsApiControllerTest does not declare any static, non-private, non-final, nested classes annotated with @Configuration.
03:11:06.319 [Test worker] DEBUG org.springframework.test.context.support.ActiveProfilesUtils - Could not find an 'annotation declaring class' for annotation type [org.springframework.test.context.ActiveProfiles] and class [org.refrigerator.springboot.web.PostsApiControllerTest]
03:11:06.408 [Test worker] DEBUG org.springframework.context.annotation.ClassPathScanningCandidateComponentProvider - Identified candidate component class: file [/home/sunmon/IdeaProjects/pray-for-refrigerator/build/classes/java/main/org/refrigerator/springboot/Application.class]
03:11:06.409 [Test worker] INFO org.springframework.boot.test.context.SpringBootTestContextBootstrapper - Found @SpringBootConfiguration org.refrigerator.springboot.Application for test class org.refrigerator.springboot.web.PostsApiControllerTest
03:11:06.507 [Test worker] DEBUG org.springframework.boot.test.context.SpringBootTestContextBootstrapper - @TestExecutionListeners is not present for class [org.refrigerator.springboot.web.PostsApiControllerTest]: using defaults.
03:11:06.507 [Test worker] INFO org.springframework.boot.test.context.SpringBootTestContextBootstrapper - Loaded default TestExecutionListener class names from location [META-INF/spring.factories]: [org.springframework.security.test.context.support.WithSecurityContextTestExecutionListener, org.springframework.security.test.context.support.ReactorContextTestExecutionListener, org.springframework.boot.test.autoconfigure.restdocs.RestDocsTestExecutionListener, org.springframework.boot.test.autoconfigure.web.client.MockRestServiceServerResetTestExecutionListener, org.springframework.boot.test.autoconfigure.web.servlet.MockMvcPrintOnlyOnFailureTestExecutionListener, org.springframework.boot.test.autoconfigure.web.servlet.WebDriverTestExecutionListener, org.springframework.boot.test.mock.mockito.MockitoTestExecutionListener, org.springframework.boot.test.mock.mockito.ResetMocksTestExecutionListener, org.springframework.test.context.web.ServletTestExecutionListener, org.springframework.test.context.support.DirtiesContextBeforeModesTestExecutionListener, org.springframework.test.context.support.DependencyInjectionTestExecutionListener, org.springframework.test.context.support.DirtiesContextTestExecutionListener, org.springframework.test.context.transaction.TransactionalTestExecutionListener, org.springframework.test.context.jdbc.SqlScriptsTestExecutionListener]
03:11:06.526 [Test worker] INFO org.springframework.boot.test.context.SpringBootTestContextBootstrapper - Using TestExecutionListeners: [org.springframework.test.context.web.ServletTestExecutionListener@44bebd09, org.springframework.test.context.support.DirtiesContextBeforeModesTestExecutionListener@5ed471, org.springframework.boot.test.mock.mockito.MockitoTestExecutionListener@9c0ea21, org.springframework.boot.test.autoconfigure.SpringBootDependencyInjectionTestExecutionListener@102ecf0b, org.springframework.test.context.support.DirtiesContextTestExecutionListener@21c97ef2, org.springframework.test.context.transaction.TransactionalTestExecutionListener@5742dbe6, org.springframework.test.context.jdbc.SqlScriptsTestExecutionListener@595da2cd, org.springframework.security.test.context.support.WithSecurityContextTestExecutionListener@3fed787a, org.springframework.security.test.context.support.ReactorContextTestExecutionListener@55b9af9b, org.springframework.boot.test.autoconfigure.restdocs.RestDocsTestExecutionListener@1465d321, org.springframework.boot.test.autoconfigure.web.client.MockRestServiceServerResetTestExecutionListener@201a50aa, org.springframework.boot.test.autoconfigure.web.servlet.MockMvcPrintOnlyOnFailureTestExecutionListener@7460d27b, org.springframework.boot.test.autoconfigure.web.servlet.WebDriverTestExecutionListener@6c3d6e1b, org.springframework.boot.test.mock.mockito.ResetMocksTestExecutionListener@56fb5466]
03:11:06.530 [Test worker] DEBUG org.springframework.test.annotation.ProfileValueUtils - Retrieved @ProfileValueSourceConfiguration [null] for test class [org.refrigerator.springboot.web.PostsApiControllerTest]
03:11:06.530 [Test worker] DEBUG org.springframework.test.annotation.ProfileValueUtils - Retrieved ProfileValueSource type [class org.springframework.test.annotation.SystemProfileValueSource] for class [org.refrigerator.springboot.web.PostsApiControllerTest]
03:11:06.533 [Test worker] DEBUG org.springframework.test.annotation.ProfileValueUtils - Retrieved @ProfileValueSourceConfiguration [null] for test class [org.refrigerator.springboot.web.PostsApiControllerTest]
03:11:06.533 [Test worker] DEBUG org.springframework.test.annotation.ProfileValueUtils - Retrieved ProfileValueSource type [class org.springframework.test.annotation.SystemProfileValueSource] for class [org.refrigerator.springboot.web.PostsApiControllerTest]
03:11:06.534 [Test worker] DEBUG org.springframework.test.annotation.ProfileValueUtils - Retrieved @ProfileValueSourceConfiguration [null] for test class [org.refrigerator.springboot.web.PostsApiControllerTest]
03:11:06.534 [Test worker] DEBUG org.springframework.test.annotation.ProfileValueUtils - Retrieved ProfileValueSource type [class org.springframework.test.annotation.SystemProfileValueSource] for class [org.refrigerator.springboot.web.PostsApiControllerTest]
03:11:06.537 [Test worker] DEBUG org.springframework.test.context.support.AbstractDirtiesContextTestExecutionListener - Before test class: context [DefaultTestContext@6726bc6f testClass = PostsApiControllerTest, testInstance = [null], testMethod = [null], testException = [null], mergedContextConfiguration = [WebMergedContextConfiguration@42a5449d testClass = PostsApiControllerTest, locations = '{}', classes = '{class org.refrigerator.springboot.Application}', contextInitializerClasses = '[]', activeProfiles = '{}', propertySourceLocations = '{}', propertySourceProperties = '{org.springframework.boot.test.context.SpringBootTestContextBootstrapper=true, server.port=0}', contextCustomizers = set[org.springframework.boot.test.autoconfigure.properties.PropertyMappingContextCustomizer@0, org.springframework.boot.test.autoconfigure.web.servlet.WebDriverContextCustomizerFactory$Customizer@2e9584c7, org.springframework.boot.test.context.filter.ExcludeFilterContextCustomizer@7eca1cd6, org.springframework.boot.test.json.DuplicateJsonObjectContextCustomizerFactory$DuplicateJsonObjectContextCustomizer@16cf31bc, org.springframework.boot.test.mock.mockito.MockitoContextCustomizer@0, org.springframework.boot.test.web.client.TestRestTemplateContextCustomizer@5e1f67ec], resourceBasePath = 'src/main/webapp', contextLoader = 'org.springframework.boot.test.context.SpringBootContextLoader', parent = [null]], attributes = map['org.springframework.test.context.web.ServletTestExecutionListener.activateListener' -> false]], class annotated with @DirtiesContext [false] with mode [null].
03:11:06.537 [Test worker] DEBUG org.springframework.test.annotation.ProfileValueUtils - Retrieved @ProfileValueSourceConfiguration [null] for test class [org.refrigerator.springboot.web.PostsApiControllerTest]
03:11:06.537 [Test worker] DEBUG org.springframework.test.annotation.ProfileValueUtils - Retrieved ProfileValueSource type [class org.springframework.test.annotation.SystemProfileValueSource] for class [org.refrigerator.springboot.web.PostsApiControllerTest]
03:11:06.541 [Test worker] DEBUG org.springframework.test.context.support.DependencyInjectionTestExecutionListener - Performing dependency injection for test context [[DefaultTestContext@6726bc6f testClass = PostsApiControllerTest, testInstance = org.refrigerator.springboot.web.PostsApiControllerTest@6577af53, testMethod = [null], testException = [null], mergedContextConfiguration = [WebMergedContextConfiguration@42a5449d testClass = PostsApiControllerTest, locations = '{}', classes = '{class org.refrigerator.springboot.Application}', contextInitializerClasses = '[]', activeProfiles = '{}', propertySourceLocations = '{}', propertySourceProperties = '{org.springframework.boot.test.context.SpringBootTestContextBootstrapper=true, server.port=0}', contextCustomizers = set[org.springframework.boot.test.autoconfigure.properties.PropertyMappingContextCustomizer@0, org.springframework.boot.test.autoconfigure.web.servlet.WebDriverContextCustomizerFactory$Customizer@2e9584c7, org.springframework.boot.test.context.filter.ExcludeFilterContextCustomizer@7eca1cd6, org.springframework.boot.test.json.DuplicateJsonObjectContextCustomizerFactory$DuplicateJsonObjectContextCustomizer@16cf31bc, org.springframework.boot.test.mock.mockito.MockitoContextCustomizer@0, org.springframework.boot.test.web.client.TestRestTemplateContextCustomizer@5e1f67ec], resourceBasePath = 'src/main/webapp', contextLoader = 'org.springframework.boot.test.context.SpringBootContextLoader', parent = [null]], attributes = map['org.springframework.test.context.web.ServletTestExecutionListener.activateListener' -> false]]].
03:11:06.553 [Test worker] DEBUG org.springframework.test.context.support.TestPropertySourceUtils - Adding inlined properties to environment: {spring.jmx.enabled=false, org.springframework.boot.test.context.SpringBootTestContextBootstrapper=true, server.port=0}

  .   ____          _            __ _ _
 /\\ / ___'_ __ _ _(_)_ __  __ _ \ \ \ \
( ( )\___ | '_ | '_| | '_ \/ _` | \ \ \ \
 \\/  ___)| |_)| | | | | || (_| |  ) ) ) )
  '  |____| .__|_| |_|_| |_\__, | / / / /
 =========|_|==============|___/=/_/_/_/
 :: Spring Boot ::        (v2.1.7.RELEASE)

2020-03-31 03:11:06.815  INFO 9664 --- [    Test worker] o.r.s.web.PostsApiControllerTest         : Starting PostsApiControllerTest on sunmon-laptop with PID 9664 (started by sunmon in /home/sunmon/IdeaProjects/pray-for-refrigerator)
2020-03-31 03:11:06.816  INFO 9664 --- [    Test worker] o.r.s.web.PostsApiControllerTest         : No active profile set, falling back to default profiles: default
2020-03-31 03:11:07.578  INFO 9664 --- [    Test worker] .s.d.r.c.RepositoryConfigurationDelegate : Bootstrapping Spring Data repositories in DEFAULT mode.
2020-03-31 03:11:07.651  INFO 9664 --- [    Test worker] .s.d.r.c.RepositoryConfigurationDelegate : Finished Spring Data repository scanning in 66ms. Found 2 repository interfaces.
2020-03-31 03:11:08.112  INFO 9664 --- [    Test worker] trationDelegate$BeanPostProcessorChecker : Bean 'org.springframework.transaction.annotation.ProxyTransactionManagementConfiguration' of type [org.springframework.transaction.annotation.ProxyTransactionManagementConfiguration$$EnhancerBySpringCGLIB$$f8196e1] is not eligible for getting processed by all BeanPostProcessors (for example: not eligible for auto-proxying)
2020-03-31 03:11:08.470  INFO 9664 --- [    Test worker] o.s.b.w.embedded.tomcat.TomcatWebServer  : Tomcat initialized with port(s): 0 (http)
2020-03-31 03:11:08.501  INFO 9664 --- [    Test worker] o.apache.catalina.core.StandardService   : Starting service [Tomcat]
2020-03-31 03:11:08.502  INFO 9664 --- [    Test worker] org.apache.catalina.core.StandardEngine  : Starting Servlet engine: [Apache Tomcat/9.0.22]
2020-03-31 03:11:08.622  INFO 9664 --- [    Test worker] o.a.c.c.C.[Tomcat].[localhost].[/]       : Initializing Spring embedded WebApplicationContext
2020-03-31 03:11:08.622  INFO 9664 --- [    Test worker] o.s.web.context.ContextLoader            : Root WebApplicationContext: initialization completed in 1785 ms
2020-03-31 03:11:08.924  INFO 9664 --- [    Test worker] com.zaxxer.hikari.HikariDataSource       : HikariPool-1 - Starting...
2020-03-31 03:11:09.080  INFO 9664 --- [    Test worker] com.zaxxer.hikari.HikariDataSource       : HikariPool-1 - Start completed.
2020-03-31 03:11:09.156  INFO 9664 --- [    Test worker] o.hibernate.jpa.internal.util.LogHelper  : HHH000204: Processing PersistenceUnitInfo [
	name: default
	...]
2020-03-31 03:11:09.217  INFO 9664 --- [    Test worker] org.hibernate.Version                    : HHH000412: Hibernate Core {5.3.10.Final}
2020-03-31 03:11:09.219  INFO 9664 --- [    Test worker] org.hibernate.cfg.Environment            : HHH000206: hibernate.properties not found
2020-03-31 03:11:09.350  INFO 9664 --- [    Test worker] o.hibernate.annotations.common.Version   : HCANN000001: Hibernate Commons Annotations {5.0.4.Final}
2020-03-31 03:11:09.470  INFO 9664 --- [    Test worker] org.hibernate.dialect.Dialect            : HHH000400: Using dialect: org.hibernate.dialect.MySQL5InnoDBDialect
Hibernate: drop table if exists posts
Hibernate: drop table if exists user
Hibernate: create table posts (id bigint not null auto_increment, created_date datetime, modified_date datetime, author varchar(255), content TEXT not null, title varchar(500) not null, primary key (id)) engine=InnoDB
Hibernate: create table user (id bigint not null auto_increment, created_date datetime, modified_date datetime, email varchar(255) not null, name varchar(255) not null, picture varchar(255), role varchar(255) not null, primary key (id)) engine=InnoDB
2020-03-31 03:11:10.115  INFO 9664 --- [    Test worker] o.h.t.schema.internal.SchemaCreatorImpl  : HHH000476: Executing import script 'org.hibernate.tool.schema.internal.exec.ScriptSourceInputNonExistentImpl@24149aab'
2020-03-31 03:11:10.119  INFO 9664 --- [    Test worker] j.LocalContainerEntityManagerFactoryBean : Initialized JPA EntityManagerFactory for persistence unit 'default'
2020-03-31 03:11:10.681  INFO 9664 --- [    Test worker] o.h.h.i.QueryTranslatorFactoryInitiator  : HHH000397: Using ASTQueryTranslatorFactory
2020-03-31 03:11:11.032  INFO 9664 --- [    Test worker] o.s.s.web.DefaultSecurityFilterChain     : Creating filter chain: any request, [org.springframework.security.web.context.request.async.WebAsyncManagerIntegrationFilter@58bafa41, org.springframework.security.web.context.SecurityContextPersistenceFilter@41d926df, org.springframework.security.web.header.HeaderWriterFilter@65c07cd9, org.springframework.security.web.authentication.logout.LogoutFilter@6d687802, org.springframework.security.oauth2.client.web.OAuth2AuthorizationRequestRedirectFilter@73b6d717, org.springframework.security.oauth2.client.web.OAuth2LoginAuthenticationFilter@4e168aa0, org.springframework.security.web.authentication.ui.DefaultLoginPageGeneratingFilter@43a40b8e, org.springframework.security.web.authentication.ui.DefaultLogoutPageGeneratingFilter@71361ee0, org.springframework.security.web.savedrequest.RequestCacheAwareFilter@304b801e, org.springframework.security.web.servletapi.SecurityContextHolderAwareRequestFilter@5385772b, org.springframework.security.web.authentication.AnonymousAuthenticationFilter@6623b165, org.springframework.security.web.session.SessionManagementFilter@3801d45b, org.springframework.security.web.access.ExceptionTranslationFilter@ab40209, org.springframework.security.web.access.intercept.FilterSecurityInterceptor@317a1f5a]
2020-03-31 03:11:11.410  INFO 9664 --- [    Test worker] o.s.s.concurrent.ThreadPoolTaskExecutor  : Initializing ExecutorService 'applicationTaskExecutor'
2020-03-31 03:11:11.456  WARN 9664 --- [    Test worker] aWebConfiguration$JpaWebMvcConfiguration : spring.jpa.open-in-view is enabled by default. Therefore, database queries may be performed during view rendering. Explicitly configure spring.jpa.open-in-view to disable this warning
2020-03-31 03:11:11.498  INFO 9664 --- [    Test worker] o.s.b.a.w.s.WelcomePageHandlerMapping    : Adding welcome page template: index
2020-03-31 03:11:11.836  INFO 9664 --- [    Test worker] s.a.ScheduledAnnotationBeanPostProcessor : No TaskScheduler/ScheduledExecutorService bean found for scheduled processing
2020-03-31 03:11:11.862  INFO 9664 --- [    Test worker] o.s.b.w.embedded.tomcat.TomcatWebServer  : Tomcat started on port(s): 33469 (http) with context path ''
2020-03-31 03:11:11.866  INFO 9664 --- [    Test worker] o.r.s.web.PostsApiControllerTest         : Started PostsApiControllerTest in 5.309 seconds (JVM running for 6.208)
2020-03-31 03:11:11.969  INFO 9664 --- [    Test worker] o.a.c.c.C.[Tomcat].[localhost].[/]       : Initializing Spring TestDispatcherServlet ''
2020-03-31 03:11:11.969  INFO 9664 --- [    Test worker] o.s.t.web.servlet.TestDispatcherServlet  : Initializing Servlet ''
2020-03-31 03:11:11.982  INFO 9664 --- [    Test worker] o.s.t.web.servlet.TestDispatcherServlet  : Completed initialization in 13 ms
Hibernate: insert into posts (created_date, modified_date, author, content, title) values (?, ?, ?, ?, ?)
Hibernate: select posts0_.id as id1_0_, posts0_.created_date as created_2_0_, posts0_.modified_date as modified3_0_, posts0_.author as author4_0_, posts0_.content as content5_0_, posts0_.title as title6_0_ from posts posts0_
Hibernate: select posts0_.id as id1_0_, posts0_.created_date as created_2_0_, posts0_.modified_date as modified3_0_, posts0_.author as author4_0_, posts0_.content as content5_0_, posts0_.title as title6_0_ from posts posts0_
Hibernate: delete from posts where id=?
2020-03-31 03:11:12.277  INFO 9664 --- [    Test worker] o.a.c.c.C.[Tomcat].[localhost].[/]       : Initializing Spring TestDispatcherServlet ''
2020-03-31 03:11:12.277  INFO 9664 --- [    Test worker] o.s.t.web.servlet.TestDispatcherServlet  : Initializing Servlet ''
2020-03-31 03:11:12.283  INFO 9664 --- [    Test worker] o.s.t.web.servlet.TestDispatcherServlet  : Completed initialization in 6 ms
Hibernate: insert into posts (created_date, modified_date, author, content, title) values (?, ?, ?, ?, ?)
Hibernate: select posts0_.id as id1_0_0_, posts0_.created_date as created_2_0_0_, posts0_.modified_date as modified3_0_0_, posts0_.author as author4_0_0_, posts0_.content as content5_0_0_, posts0_.title as title6_0_0_ from posts posts0_ where posts0_.id=?
Hibernate: update posts set created_date=?, modified_date=?, author=?, content=?, title=? where id=?
Hibernate: select posts0_.id as id1_0_, posts0_.created_date as created_2_0_, posts0_.modified_date as modified3_0_, posts0_.author as author4_0_, posts0_.content as content5_0_, posts0_.title as title6_0_ from posts posts0_
Hibernate: select posts0_.id as id1_0_, posts0_.created_date as created_2_0_, posts0_.modified_date as modified3_0_, posts0_.author as author4_0_, posts0_.content as content5_0_, posts0_.title as title6_0_ from posts posts0_
Hibernate: delete from posts where id=?
]]></system-out>
  <system-err><![CDATA[]]></system-err>
</testsuite>
