<?xml version="1.0" encoding="UTF-8"?>
<testsuite name="org.refrigerator.springboot.web.HelloControllerTest" tests="2" skipped="0" failures="0" errors="0" timestamp="2020-03-31T04:27:09" hostname="MSI-laptop" time="0.195">
  <properties/>
  <testcase name="hello가_리턴된다" classname="org.refrigerator.springboot.web.HelloControllerTest" time="0.088"/>
  <testcase name="helloDto가_리턴된다" classname="org.refrigerator.springboot.web.HelloControllerTest" time="0.107"/>
  <system-out><![CDATA[2020-03-31 13:27:08.458  INFO 17268 --- [    Test worker] .b.t.a.w.s.WebMvcTestContextBootstrapper : Neither @ContextConfiguration nor @ContextHierarchy found for test class [org.refrigerator.springboot.web.HelloControllerTest], using SpringBootContextLoader
2020-03-31 13:27:08.460  INFO 17268 --- [    Test worker] o.s.t.c.support.AbstractContextLoader    : Could not detect default resource locations for test class [org.refrigerator.springboot.web.HelloControllerTest]: no resource found for suffixes {-context.xml, Context.groovy}.
2020-03-31 13:27:08.461  INFO 17268 --- [    Test worker] t.c.s.AnnotationConfigContextLoaderUtils : Could not detect default configuration classes for test class [org.refrigerator.springboot.web.HelloControllerTest]: HelloControllerTest does not declare any static, non-private, non-final, nested classes annotated with @Configuration.
2020-03-31 13:27:08.498  INFO 17268 --- [    Test worker] .b.t.c.SpringBootTestContextBootstrapper : Found @SpringBootConfiguration org.refrigerator.springboot.Application for test class org.refrigerator.springboot.web.HelloControllerTest
2020-03-31 13:27:08.499  INFO 17268 --- [    Test worker] .b.t.a.w.s.WebMvcTestContextBootstrapper : Loaded default TestExecutionListener class names from location [META-INF/spring.factories]: [org.springframework.security.test.context.support.WithSecurityContextTestExecutionListener, org.springframework.security.test.context.support.ReactorContextTestExecutionListener, org.springframework.boot.test.autoconfigure.restdocs.RestDocsTestExecutionListener, org.springframework.boot.test.autoconfigure.web.client.MockRestServiceServerResetTestExecutionListener, org.springframework.boot.test.autoconfigure.web.servlet.MockMvcPrintOnlyOnFailureTestExecutionListener, org.springframework.boot.test.autoconfigure.web.servlet.WebDriverTestExecutionListener, org.springframework.boot.test.mock.mockito.MockitoTestExecutionListener, org.springframework.boot.test.mock.mockito.ResetMocksTestExecutionListener, org.springframework.test.context.web.ServletTestExecutionListener, org.springframework.test.context.support.DirtiesContextBeforeModesTestExecutionListener, org.springframework.test.context.support.DependencyInjectionTestExecutionListener, org.springframework.test.context.support.DirtiesContextTestExecutionListener, org.springframework.test.context.transaction.TransactionalTestExecutionListener, org.springframework.test.context.jdbc.SqlScriptsTestExecutionListener]
2020-03-31 13:27:08.501  INFO 17268 --- [    Test worker] .b.t.a.w.s.WebMvcTestContextBootstrapper : Using TestExecutionListeners: [org.springframework.test.context.web.ServletTestExecutionListener@2ab2e404, org.springframework.test.context.support.DirtiesContextBeforeModesTestExecutionListener@3d6a2000, org.springframework.boot.test.mock.mockito.MockitoTestExecutionListener@75b01704, org.springframework.boot.test.autoconfigure.SpringBootDependencyInjectionTestExecutionListener@2848250, org.springframework.test.context.support.DirtiesContextTestExecutionListener@3f2bd4c0, org.springframework.test.context.transaction.TransactionalTestExecutionListener@532d9905, org.springframework.test.context.jdbc.SqlScriptsTestExecutionListener@26d0ac53, org.springframework.security.test.context.support.WithSecurityContextTestExecutionListener@602cdb, org.springframework.security.test.context.support.ReactorContextTestExecutionListener@618c65c3, org.springframework.boot.test.autoconfigure.restdocs.RestDocsTestExecutionListener@5e562d46, org.springframework.boot.test.autoconfigure.web.client.MockRestServiceServerResetTestExecutionListener@7dc7b0eb, org.springframework.boot.test.autoconfigure.web.servlet.MockMvcPrintOnlyOnFailureTestExecutionListener@7c405d7c, org.springframework.boot.test.autoconfigure.web.servlet.WebDriverTestExecutionListener@7e608d4a, org.springframework.boot.test.mock.mockito.ResetMocksTestExecutionListener@1133b3dd]

  .   ____          _            __ _ _
 /\\ / ___'_ __ _ _(_)_ __  __ _ \ \ \ \
( ( )\___ | '_ | '_| | '_ \/ _` | \ \ \ \
 \\/  ___)| |_)| | | | | || (_| |  ) ) ) )
  '  |____| .__|_| |_|_| |_\__, | / / / /
 =========|_|==============|___/=/_/_/_/
 :: Spring Boot ::        (v2.1.7.RELEASE)

2020-03-31 13:27:08.566  INFO 17268 --- [    Test worker] o.r.springboot.web.HelloControllerTest   : Starting HelloControllerTest on MSI-laptop with PID 17268 (started by black in C:\Users\black\Desktop\pray-for-refrigerator)
2020-03-31 13:27:08.567  INFO 17268 --- [    Test worker] o.r.springboot.web.HelloControllerTest   : No active profile set, falling back to default profiles: default
2020-03-31 13:27:09.121  INFO 17268 --- [    Test worker] o.s.s.concurrent.ThreadPoolTaskExecutor  : Initializing ExecutorService 'applicationTaskExecutor'
2020-03-31 13:27:09.162  INFO 17268 --- [    Test worker] o.s.b.a.w.s.WelcomePageHandlerMapping    : Adding welcome page template: index
2020-03-31 13:27:09.447  INFO 17268 --- [    Test worker] .s.s.UserDetailsServiceAutoConfiguration : 

Using generated security password: 40b60836-1c15-4c8f-a884-2be2dea13988

2020-03-31 13:27:09.622  INFO 17268 --- [    Test worker] o.s.s.web.DefaultSecurityFilterChain     : Creating filter chain: any request, [org.springframework.security.web.context.request.async.WebAsyncManagerIntegrationFilter@10866116, org.springframework.security.web.context.SecurityContextPersistenceFilter@1c439dd0, org.springframework.security.web.header.HeaderWriterFilter@5c7f321e, org.springframework.security.web.csrf.CsrfFilter@98cf529, org.springframework.security.web.authentication.logout.LogoutFilter@55021813, org.springframework.security.web.authentication.UsernamePasswordAuthenticationFilter@42ac1378, org.springframework.security.web.authentication.ui.DefaultLoginPageGeneratingFilter@38742d99, org.springframework.security.web.authentication.ui.DefaultLogoutPageGeneratingFilter@7fb8ab90, org.springframework.security.web.authentication.www.BasicAuthenticationFilter@1072f760, org.springframework.security.web.savedrequest.RequestCacheAwareFilter@a952160, org.springframework.security.web.servletapi.SecurityContextHolderAwareRequestFilter@2fdf0dee, org.springframework.security.web.authentication.AnonymousAuthenticationFilter@78769af0, org.springframework.security.web.session.SessionManagementFilter@32b4a105, org.springframework.security.web.access.ExceptionTranslationFilter@44fa4747, org.springframework.security.web.access.intercept.FilterSecurityInterceptor@d83a920]
2020-03-31 13:27:09.671  INFO 17268 --- [    Test worker] o.s.b.t.m.w.SpringBootMockServletContext : Initializing Spring TestDispatcherServlet ''
2020-03-31 13:27:09.671  INFO 17268 --- [    Test worker] o.s.t.web.servlet.TestDispatcherServlet  : Initializing Servlet ''
2020-03-31 13:27:09.689  INFO 17268 --- [    Test worker] o.s.t.web.servlet.TestDispatcherServlet  : Completed initialization in 18 ms
2020-03-31 13:27:09.723  INFO 17268 --- [    Test worker] o.r.springboot.web.HelloControllerTest   : Started HelloControllerTest in 1.217 seconds (JVM running for 11.456)
]]></system-out>
  <system-err><![CDATA[]]></system-err>
</testsuite>
