<?xml version="1.0" encoding="UTF-8"?>
<testsuite name="org.refrigerator.springboot.web.PostsApiControllerTest" tests="2" skipped="0" failures="0" errors="0" timestamp="2020-03-30T16:30:24" hostname="sunmon-laptop" time="0.513">
  <properties/>
  <testcase name="Posts_등록된다" classname="org.refrigerator.springboot.web.PostsApiControllerTest" time="0.456"/>
  <testcase name="Posts_수정된다" classname="org.refrigerator.springboot.web.PostsApiControllerTest" time="0.056"/>
  <system-out><![CDATA[01:30:18.170 [Test worker] DEBUG org.springframework.test.context.junit4.SpringJUnit4ClassRunner - SpringJUnit4ClassRunner constructor called with [class org.refrigerator.springboot.web.PostsApiControllerTest]
01:30:18.185 [Test worker] DEBUG org.springframework.test.context.BootstrapUtils - Instantiating CacheAwareContextLoaderDelegate from class [org.springframework.test.context.cache.DefaultCacheAwareContextLoaderDelegate]
01:30:18.195 [Test worker] DEBUG org.springframework.test.context.BootstrapUtils - Instantiating BootstrapContext using constructor [public org.springframework.test.context.support.DefaultBootstrapContext(java.lang.Class,org.springframework.test.context.CacheAwareContextLoaderDelegate)]
01:30:18.221 [Test worker] DEBUG org.springframework.test.context.BootstrapUtils - Instantiating TestContextBootstrapper for test class [org.refrigerator.springboot.web.PostsApiControllerTest] from class [org.springframework.boot.test.context.SpringBootTestContextBootstrapper]
01:30:18.238 [Test worker] INFO org.springframework.boot.test.context.SpringBootTestContextBootstrapper - Neither @ContextConfiguration nor @ContextHierarchy found for test class [org.refrigerator.springboot.web.PostsApiControllerTest], using SpringBootContextLoader
01:30:18.245 [Test worker] DEBUG org.springframework.test.context.support.AbstractContextLoader - Did not detect default resource location for test class [org.refrigerator.springboot.web.PostsApiControllerTest]: class path resource [org/refrigerator/springboot/web/PostsApiControllerTest-context.xml] does not exist
01:30:18.246 [Test worker] DEBUG org.springframework.test.context.support.AbstractContextLoader - Did not detect default resource location for test class [org.refrigerator.springboot.web.PostsApiControllerTest]: class path resource [org/refrigerator/springboot/web/PostsApiControllerTestContext.groovy] does not exist
01:30:18.247 [Test worker] INFO org.springframework.test.context.support.AbstractContextLoader - Could not detect default resource locations for test class [org.refrigerator.springboot.web.PostsApiControllerTest]: no resource found for suffixes {-context.xml, Context.groovy}.
01:30:18.248 [Test worker] INFO org.springframework.test.context.support.AnnotationConfigContextLoaderUtils - Could not detect default configuration classes for test class [org.refrigerator.springboot.web.PostsApiControllerTest]: PostsApiControllerTest does not declare any static, non-private, non-final, nested classes annotated with @Configuration.
01:30:18.305 [Test worker] DEBUG org.springframework.test.context.support.ActiveProfilesUtils - Could not find an 'annotation declaring class' for annotation type [org.springframework.test.context.ActiveProfiles] and class [org.refrigerator.springboot.web.PostsApiControllerTest]
01:30:18.413 [Test worker] DEBUG org.springframework.context.annotation.ClassPathScanningCandidateComponentProvider - Identified candidate component class: file [/home/sunmon/IdeaProjects/pray-for-refrigerator/build/classes/java/main/org/refrigerator/springboot/Application.class]
01:30:18.414 [Test worker] INFO org.springframework.boot.test.context.SpringBootTestContextBootstrapper - Found @SpringBootConfiguration org.refrigerator.springboot.Application for test class org.refrigerator.springboot.web.PostsApiControllerTest
01:30:18.527 [Test worker] DEBUG org.springframework.boot.test.context.SpringBootTestContextBootstrapper - @TestExecutionListeners is not present for class [org.refrigerator.springboot.web.PostsApiControllerTest]: using defaults.
01:30:18.527 [Test worker] INFO org.springframework.boot.test.context.SpringBootTestContextBootstrapper - Loaded default TestExecutionListener class names from location [META-INF/spring.factories]: [org.springframework.security.test.context.support.WithSecurityContextTestExecutionListener, org.springframework.security.test.context.support.ReactorContextTestExecutionListener, org.springframework.boot.test.autoconfigure.restdocs.RestDocsTestExecutionListener, org.springframework.boot.test.autoconfigure.web.client.MockRestServiceServerResetTestExecutionListener, org.springframework.boot.test.autoconfigure.web.servlet.MockMvcPrintOnlyOnFailureTestExecutionListener, org.springframework.boot.test.autoconfigure.web.servlet.WebDriverTestExecutionListener, org.springframework.boot.test.mock.mockito.MockitoTestExecutionListener, org.springframework.boot.test.mock.mockito.ResetMocksTestExecutionListener, org.springframework.test.context.web.ServletTestExecutionListener, org.springframework.test.context.support.DirtiesContextBeforeModesTestExecutionListener, org.springframework.test.context.support.DependencyInjectionTestExecutionListener, org.springframework.test.context.support.DirtiesContextTestExecutionListener, org.springframework.test.context.transaction.TransactionalTestExecutionListener, org.springframework.test.context.jdbc.SqlScriptsTestExecutionListener]
01:30:18.549 [Test worker] INFO org.springframework.boot.test.context.SpringBootTestContextBootstrapper - Using TestExecutionListeners: [org.springframework.test.context.web.ServletTestExecutionListener@24bfe678, org.springframework.test.context.support.DirtiesContextBeforeModesTestExecutionListener@2d41d214, org.springframework.boot.test.mock.mockito.MockitoTestExecutionListener@43e287de, org.springframework.boot.test.autoconfigure.SpringBootDependencyInjectionTestExecutionListener@41d7a49c, org.springframework.test.context.support.DirtiesContextTestExecutionListener@1a8006f8, org.springframework.test.context.transaction.TransactionalTestExecutionListener@3972b6ce, org.springframework.test.context.jdbc.SqlScriptsTestExecutionListener@6ef90a49, org.springframework.security.test.context.support.WithSecurityContextTestExecutionListener@12f6a04e, org.springframework.security.test.context.support.ReactorContextTestExecutionListener@8dbd32e, org.springframework.boot.test.autoconfigure.restdocs.RestDocsTestExecutionListener@2433c03d, org.springframework.boot.test.autoconfigure.web.client.MockRestServiceServerResetTestExecutionListener@2be3db0, org.springframework.boot.test.autoconfigure.web.servlet.MockMvcPrintOnlyOnFailureTestExecutionListener@25ed0979, org.springframework.boot.test.autoconfigure.web.servlet.WebDriverTestExecutionListener@73f9ec49, org.springframework.boot.test.mock.mockito.ResetMocksTestExecutionListener@49f1f823]
01:30:18.552 [Test worker] DEBUG org.springframework.test.annotation.ProfileValueUtils - Retrieved @ProfileValueSourceConfiguration [null] for test class [org.refrigerator.springboot.web.PostsApiControllerTest]
01:30:18.553 [Test worker] DEBUG org.springframework.test.annotation.ProfileValueUtils - Retrieved ProfileValueSource type [class org.springframework.test.annotation.SystemProfileValueSource] for class [org.refrigerator.springboot.web.PostsApiControllerTest]
01:30:18.553 [Test worker] DEBUG org.springframework.test.annotation.ProfileValueUtils - Retrieved @ProfileValueSourceConfiguration [null] for test class [org.refrigerator.springboot.web.PostsApiControllerTest]
01:30:18.554 [Test worker] DEBUG org.springframework.test.annotation.ProfileValueUtils - Retrieved ProfileValueSource type [class org.springframework.test.annotation.SystemProfileValueSource] for class [org.refrigerator.springboot.web.PostsApiControllerTest]
01:30:18.562 [Test worker] DEBUG org.springframework.test.context.support.AbstractDirtiesContextTestExecutionListener - Before test class: context [DefaultTestContext@7b165439 testClass = PostsApiControllerTest, testInstance = [null], testMethod = [null], testException = [null], mergedContextConfiguration = [WebMergedContextConfiguration@71d30dc9 testClass = PostsApiControllerTest, locations = '{}', classes = '{class org.refrigerator.springboot.Application}', contextInitializerClasses = '[]', activeProfiles = '{}', propertySourceLocations = '{}', propertySourceProperties = '{org.springframework.boot.test.context.SpringBootTestContextBootstrapper=true, server.port=0}', contextCustomizers = set[org.springframework.boot.test.autoconfigure.properties.PropertyMappingContextCustomizer@0, org.springframework.boot.test.autoconfigure.web.servlet.WebDriverContextCustomizerFactory$Customizer@7a75b817, org.springframework.boot.test.context.filter.ExcludeFilterContextCustomizer@243f1809, org.springframework.boot.test.json.DuplicateJsonObjectContextCustomizerFactory$DuplicateJsonObjectContextCustomizer@3c709e01, org.springframework.boot.test.mock.mockito.MockitoContextCustomizer@0, org.springframework.boot.test.web.client.TestRestTemplateContextCustomizer@30f3db17], resourceBasePath = 'src/main/webapp', contextLoader = 'org.springframework.boot.test.context.SpringBootContextLoader', parent = [null]], attributes = map['org.springframework.test.context.web.ServletTestExecutionListener.activateListener' -> false]], class annotated with @DirtiesContext [false] with mode [null].
01:30:18.563 [Test worker] DEBUG org.springframework.test.annotation.ProfileValueUtils - Retrieved @ProfileValueSourceConfiguration [null] for test class [org.refrigerator.springboot.web.PostsApiControllerTest]
01:30:18.563 [Test worker] DEBUG org.springframework.test.annotation.ProfileValueUtils - Retrieved ProfileValueSource type [class org.springframework.test.annotation.SystemProfileValueSource] for class [org.refrigerator.springboot.web.PostsApiControllerTest]
01:30:18.567 [Test worker] DEBUG org.springframework.test.context.support.DependencyInjectionTestExecutionListener - Performing dependency injection for test context [[DefaultTestContext@7b165439 testClass = PostsApiControllerTest, testInstance = org.refrigerator.springboot.web.PostsApiControllerTest@14c943c, testMethod = [null], testException = [null], mergedContextConfiguration = [WebMergedContextConfiguration@71d30dc9 testClass = PostsApiControllerTest, locations = '{}', classes = '{class org.refrigerator.springboot.Application}', contextInitializerClasses = '[]', activeProfiles = '{}', propertySourceLocations = '{}', propertySourceProperties = '{org.springframework.boot.test.context.SpringBootTestContextBootstrapper=true, server.port=0}', contextCustomizers = set[org.springframework.boot.test.autoconfigure.properties.PropertyMappingContextCustomizer@0, org.springframework.boot.test.autoconfigure.web.servlet.WebDriverContextCustomizerFactory$Customizer@7a75b817, org.springframework.boot.test.context.filter.ExcludeFilterContextCustomizer@243f1809, org.springframework.boot.test.json.DuplicateJsonObjectContextCustomizerFactory$DuplicateJsonObjectContextCustomizer@3c709e01, org.springframework.boot.test.mock.mockito.MockitoContextCustomizer@0, org.springframework.boot.test.web.client.TestRestTemplateContextCustomizer@30f3db17], resourceBasePath = 'src/main/webapp', contextLoader = 'org.springframework.boot.test.context.SpringBootContextLoader', parent = [null]], attributes = map['org.springframework.test.context.web.ServletTestExecutionListener.activateListener' -> false]]].
01:30:18.583 [Test worker] DEBUG org.springframework.test.context.support.TestPropertySourceUtils - Adding inlined properties to environment: {spring.jmx.enabled=false, org.springframework.boot.test.context.SpringBootTestContextBootstrapper=true, server.port=0}

  .   ____          _            __ _ _
 /\\ / ___'_ __ _ _(_)_ __  __ _ \ \ \ \
( ( )\___ | '_ | '_| | '_ \/ _` | \ \ \ \
 \\/  ___)| |_)| | | | | || (_| |  ) ) ) )
  '  |____| .__|_| |_|_| |_\__, | / / / /
 =========|_|==============|___/=/_/_/_/
 :: Spring Boot ::        (v2.1.7.RELEASE)

2020-03-31 01:30:18.864  INFO 6560 --- [    Test worker] o.r.s.web.PostsApiControllerTest         : Starting PostsApiControllerTest on sunmon-laptop with PID 6560 (started by sunmon in /home/sunmon/IdeaProjects/pray-for-refrigerator)
2020-03-31 01:30:18.866  INFO 6560 --- [    Test worker] o.r.s.web.PostsApiControllerTest         : No active profile set, falling back to default profiles: default
2020-03-31 01:30:19.738  INFO 6560 --- [    Test worker] .s.d.r.c.RepositoryConfigurationDelegate : Bootstrapping Spring Data repositories in DEFAULT mode.
2020-03-31 01:30:19.806  INFO 6560 --- [    Test worker] .s.d.r.c.RepositoryConfigurationDelegate : Finished Spring Data repository scanning in 61ms. Found 2 repository interfaces.
2020-03-31 01:30:20.273  INFO 6560 --- [    Test worker] trationDelegate$BeanPostProcessorChecker : Bean 'org.springframework.transaction.annotation.ProxyTransactionManagementConfiguration' of type [org.springframework.transaction.annotation.ProxyTransactionManagementConfiguration$$EnhancerBySpringCGLIB$$9b1b8029] is not eligible for getting processed by all BeanPostProcessors (for example: not eligible for auto-proxying)
2020-03-31 01:30:20.674  INFO 6560 --- [    Test worker] o.s.b.w.embedded.tomcat.TomcatWebServer  : Tomcat initialized with port(s): 0 (http)
2020-03-31 01:30:20.712  INFO 6560 --- [    Test worker] o.apache.catalina.core.StandardService   : Starting service [Tomcat]
2020-03-31 01:30:20.712  INFO 6560 --- [    Test worker] org.apache.catalina.core.StandardEngine  : Starting Servlet engine: [Apache Tomcat/9.0.22]
2020-03-31 01:30:20.831  INFO 6560 --- [    Test worker] o.a.c.c.C.[Tomcat].[localhost].[/]       : Initializing Spring embedded WebApplicationContext
2020-03-31 01:30:20.832  INFO 6560 --- [    Test worker] o.s.web.context.ContextLoader            : Root WebApplicationContext: initialization completed in 1944 ms
2020-03-31 01:30:21.078  INFO 6560 --- [    Test worker] com.zaxxer.hikari.HikariDataSource       : HikariPool-1 - Starting...
2020-03-31 01:30:21.224  INFO 6560 --- [    Test worker] com.zaxxer.hikari.HikariDataSource       : HikariPool-1 - Start completed.
2020-03-31 01:30:21.313  INFO 6560 --- [    Test worker] o.hibernate.jpa.internal.util.LogHelper  : HHH000204: Processing PersistenceUnitInfo [
	name: default
	...]
2020-03-31 01:30:21.395  INFO 6560 --- [    Test worker] org.hibernate.Version                    : HHH000412: Hibernate Core {5.3.10.Final}
2020-03-31 01:30:21.398  INFO 6560 --- [    Test worker] org.hibernate.cfg.Environment            : HHH000206: hibernate.properties not found
2020-03-31 01:30:21.558  INFO 6560 --- [    Test worker] o.hibernate.annotations.common.Version   : HCANN000001: Hibernate Commons Annotations {5.0.4.Final}
2020-03-31 01:30:21.677  INFO 6560 --- [    Test worker] org.hibernate.dialect.Dialect            : HHH000400: Using dialect: org.hibernate.dialect.MySQL5InnoDBDialect
Hibernate: drop table if exists posts
Hibernate: drop table if exists user
Hibernate: create table posts (id bigint not null auto_increment, created_date datetime, modified_date datetime, author varchar(255), content TEXT not null, title varchar(500) not null, primary key (id)) engine=InnoDB
Hibernate: create table user (id bigint not null auto_increment, created_date datetime, modified_date datetime, email varchar(255) not null, name varchar(255) not null, picture varchar(255), role varchar(255) not null, primary key (id)) engine=InnoDB
2020-03-31 01:30:22.372  INFO 6560 --- [    Test worker] o.h.t.schema.internal.SchemaCreatorImpl  : HHH000476: Executing import script 'org.hibernate.tool.schema.internal.exec.ScriptSourceInputNonExistentImpl@26f9f7d1'
2020-03-31 01:30:22.376  INFO 6560 --- [    Test worker] j.LocalContainerEntityManagerFactoryBean : Initialized JPA EntityManagerFactory for persistence unit 'default'
2020-03-31 01:30:22.993  INFO 6560 --- [    Test worker] o.h.h.i.QueryTranslatorFactoryInitiator  : HHH000397: Using ASTQueryTranslatorFactory
2020-03-31 01:30:23.342  INFO 6560 --- [    Test worker] o.s.s.web.DefaultSecurityFilterChain     : Creating filter chain: any request, [org.springframework.security.web.context.request.async.WebAsyncManagerIntegrationFilter@5b3b2d04, org.springframework.security.web.context.SecurityContextPersistenceFilter@413e0a4b, org.springframework.security.web.header.HeaderWriterFilter@41c55ba0, org.springframework.security.web.authentication.logout.LogoutFilter@18594bee, org.springframework.security.oauth2.client.web.OAuth2AuthorizationRequestRedirectFilter@1973671e, org.springframework.security.oauth2.client.web.OAuth2LoginAuthenticationFilter@6948ce27, org.springframework.security.web.authentication.ui.DefaultLoginPageGeneratingFilter@11c25468, org.springframework.security.web.authentication.ui.DefaultLogoutPageGeneratingFilter@101955d9, org.springframework.security.web.savedrequest.RequestCacheAwareFilter@642efa09, org.springframework.security.web.servletapi.SecurityContextHolderAwareRequestFilter@133088b5, org.springframework.security.web.authentication.AnonymousAuthenticationFilter@5b1c5f25, org.springframework.security.web.session.SessionManagementFilter@401ece5b, org.springframework.security.web.access.ExceptionTranslationFilter@35662e51, org.springframework.security.web.access.intercept.FilterSecurityInterceptor@33d3886f]
2020-03-31 01:30:23.646  INFO 6560 --- [    Test worker] o.s.s.concurrent.ThreadPoolTaskExecutor  : Initializing ExecutorService 'applicationTaskExecutor'
2020-03-31 01:30:23.695  WARN 6560 --- [    Test worker] aWebConfiguration$JpaWebMvcConfiguration : spring.jpa.open-in-view is enabled by default. Therefore, database queries may be performed during view rendering. Explicitly configure spring.jpa.open-in-view to disable this warning
2020-03-31 01:30:23.737  INFO 6560 --- [    Test worker] o.s.b.a.w.s.WelcomePageHandlerMapping    : Adding welcome page template: index
2020-03-31 01:30:24.078  INFO 6560 --- [    Test worker] s.a.ScheduledAnnotationBeanPostProcessor : No TaskScheduler/ScheduledExecutorService bean found for scheduled processing
2020-03-31 01:30:24.111  INFO 6560 --- [    Test worker] o.s.b.w.embedded.tomcat.TomcatWebServer  : Tomcat started on port(s): 46257 (http) with context path ''
2020-03-31 01:30:24.116  INFO 6560 --- [    Test worker] o.r.s.web.PostsApiControllerTest         : Started PostsApiControllerTest in 5.529 seconds (JVM running for 6.58)
2020-03-31 01:30:24.233  INFO 6560 --- [    Test worker] o.a.c.c.C.[Tomcat].[localhost].[/]       : Initializing Spring TestDispatcherServlet ''
2020-03-31 01:30:24.233  INFO 6560 --- [    Test worker] o.s.t.web.servlet.TestDispatcherServlet  : Initializing Servlet ''
2020-03-31 01:30:24.254  INFO 6560 --- [    Test worker] o.s.t.web.servlet.TestDispatcherServlet  : Completed initialization in 21 ms
Hibernate: insert into posts (created_date, modified_date, author, content, title) values (?, ?, ?, ?, ?)
Hibernate: select posts0_.id as id1_0_, posts0_.created_date as created_2_0_, posts0_.modified_date as modified3_0_, posts0_.author as author4_0_, posts0_.content as content5_0_, posts0_.title as title6_0_ from posts posts0_
Hibernate: select posts0_.id as id1_0_, posts0_.created_date as created_2_0_, posts0_.modified_date as modified3_0_, posts0_.author as author4_0_, posts0_.content as content5_0_, posts0_.title as title6_0_ from posts posts0_
Hibernate: delete from posts where id=?
2020-03-31 01:30:24.591  INFO 6560 --- [    Test worker] o.a.c.c.C.[Tomcat].[localhost].[/]       : Initializing Spring TestDispatcherServlet ''
2020-03-31 01:30:24.591  INFO 6560 --- [    Test worker] o.s.t.web.servlet.TestDispatcherServlet  : Initializing Servlet ''
2020-03-31 01:30:24.596  INFO 6560 --- [    Test worker] o.s.t.web.servlet.TestDispatcherServlet  : Completed initialization in 5 ms
Hibernate: insert into posts (created_date, modified_date, author, content, title) values (?, ?, ?, ?, ?)
Hibernate: select posts0_.id as id1_0_0_, posts0_.created_date as created_2_0_0_, posts0_.modified_date as modified3_0_0_, posts0_.author as author4_0_0_, posts0_.content as content5_0_0_, posts0_.title as title6_0_0_ from posts posts0_ where posts0_.id=?
Hibernate: update posts set created_date=?, modified_date=?, author=?, content=?, title=? where id=?
Hibernate: select posts0_.id as id1_0_, posts0_.created_date as created_2_0_, posts0_.modified_date as modified3_0_, posts0_.author as author4_0_, posts0_.content as content5_0_, posts0_.title as title6_0_ from posts posts0_
Hibernate: select posts0_.id as id1_0_, posts0_.created_date as created_2_0_, posts0_.modified_date as modified3_0_, posts0_.author as author4_0_, posts0_.content as content5_0_, posts0_.title as title6_0_ from posts posts0_
Hibernate: delete from posts where id=?
]]></system-out>
  <system-err><![CDATA[]]></system-err>
</testsuite>
