<?xml version="1.0" encoding="UTF-8"?>
<testsuite name="org.refrigerator.springboot.web.IndexControllerTest" tests="1" skipped="0" failures="0" errors="0" timestamp="2020-03-31T04:27:12" hostname="MSI-laptop" time="0.255">
  <properties/>
  <testcase name="메인페이지_로딩" classname="org.refrigerator.springboot.web.IndexControllerTest" time="0.255"/>
  <system-out><![CDATA[2020-03-31 13:27:09.927  INFO 17268 --- [    Test worker] .b.t.c.SpringBootTestContextBootstrapper : Neither @ContextConfiguration nor @ContextHierarchy found for test class [org.refrigerator.springboot.web.IndexControllerTest], using SpringBootContextLoader
2020-03-31 13:27:09.929  INFO 17268 --- [    Test worker] o.s.t.c.support.AbstractContextLoader    : Could not detect default resource locations for test class [org.refrigerator.springboot.web.IndexControllerTest]: no resource found for suffixes {-context.xml, Context.groovy}.
2020-03-31 13:27:09.930  INFO 17268 --- [    Test worker] t.c.s.AnnotationConfigContextLoaderUtils : Could not detect default configuration classes for test class [org.refrigerator.springboot.web.IndexControllerTest]: IndexControllerTest does not declare any static, non-private, non-final, nested classes annotated with @Configuration.
2020-03-31 13:27:09.935  INFO 17268 --- [    Test worker] .b.t.c.SpringBootTestContextBootstrapper : Found @SpringBootConfiguration org.refrigerator.springboot.Application for test class org.refrigerator.springboot.web.IndexControllerTest
2020-03-31 13:27:09.939  INFO 17268 --- [    Test worker] .b.t.c.SpringBootTestContextBootstrapper : Loaded default TestExecutionListener class names from location [META-INF/spring.factories]: [org.springframework.security.test.context.support.WithSecurityContextTestExecutionListener, org.springframework.security.test.context.support.ReactorContextTestExecutionListener, org.springframework.boot.test.autoconfigure.restdocs.RestDocsTestExecutionListener, org.springframework.boot.test.autoconfigure.web.client.MockRestServiceServerResetTestExecutionListener, org.springframework.boot.test.autoconfigure.web.servlet.MockMvcPrintOnlyOnFailureTestExecutionListener, org.springframework.boot.test.autoconfigure.web.servlet.WebDriverTestExecutionListener, org.springframework.boot.test.mock.mockito.MockitoTestExecutionListener, org.springframework.boot.test.mock.mockito.ResetMocksTestExecutionListener, org.springframework.test.context.web.ServletTestExecutionListener, org.springframework.test.context.support.DirtiesContextBeforeModesTestExecutionListener, org.springframework.test.context.support.DependencyInjectionTestExecutionListener, org.springframework.test.context.support.DirtiesContextTestExecutionListener, org.springframework.test.context.transaction.TransactionalTestExecutionListener, org.springframework.test.context.jdbc.SqlScriptsTestExecutionListener]
2020-03-31 13:27:09.942  INFO 17268 --- [    Test worker] .b.t.c.SpringBootTestContextBootstrapper : Using TestExecutionListeners: [org.springframework.test.context.web.ServletTestExecutionListener@51dc4842, org.springframework.test.context.support.DirtiesContextBeforeModesTestExecutionListener@46caa56c, org.springframework.boot.test.mock.mockito.MockitoTestExecutionListener@5b9c420d, org.springframework.boot.test.autoconfigure.SpringBootDependencyInjectionTestExecutionListener@7230f88c, org.springframework.test.context.support.DirtiesContextTestExecutionListener@419d30d0, org.springframework.test.context.transaction.TransactionalTestExecutionListener@526f1c4a, org.springframework.test.context.jdbc.SqlScriptsTestExecutionListener@6bdab020, org.springframework.security.test.context.support.WithSecurityContextTestExecutionListener@1edbd14f, org.springframework.security.test.context.support.ReactorContextTestExecutionListener@366869f4, org.springframework.boot.test.autoconfigure.restdocs.RestDocsTestExecutionListener@1ccfae3f, org.springframework.boot.test.autoconfigure.web.client.MockRestServiceServerResetTestExecutionListener@222a4636, org.springframework.boot.test.autoconfigure.web.servlet.MockMvcPrintOnlyOnFailureTestExecutionListener@623baa95, org.springframework.boot.test.autoconfigure.web.servlet.WebDriverTestExecutionListener@176958ef, org.springframework.boot.test.mock.mockito.ResetMocksTestExecutionListener@76b6a26b]

  .   ____          _            __ _ _
 /\\ / ___'_ __ _ _(_)_ __  __ _ \ \ \ \
( ( )\___ | '_ | '_| | '_ \/ _` | \ \ \ \
 \\/  ___)| |_)| | | | | || (_| |  ) ) ) )
  '  |____| .__|_| |_|_| |_\__, | / / / /
 =========|_|==============|___/=/_/_/_/
 :: Spring Boot ::        (v2.1.7.RELEASE)

2020-03-31 13:27:10.001  INFO 17268 --- [    Test worker] o.r.springboot.web.IndexControllerTest   : Starting IndexControllerTest on MSI-laptop with PID 17268 (started by black in C:\Users\black\Desktop\pray-for-refrigerator)
2020-03-31 13:27:10.001  INFO 17268 --- [    Test worker] o.r.springboot.web.IndexControllerTest   : No active profile set, falling back to default profiles: default
2020-03-31 13:27:10.317  INFO 17268 --- [    Test worker] .s.d.r.c.RepositoryConfigurationDelegate : Bootstrapping Spring Data repositories in DEFAULT mode.
2020-03-31 13:27:10.348  INFO 17268 --- [    Test worker] .s.d.r.c.RepositoryConfigurationDelegate : Finished Spring Data repository scanning in 30ms. Found 2 repository interfaces.
2020-03-31 13:27:10.458  INFO 17268 --- [    Test worker] trationDelegate$BeanPostProcessorChecker : Bean 'org.springframework.transaction.annotation.ProxyTransactionManagementConfiguration' of type [org.springframework.transaction.annotation.ProxyTransactionManagementConfiguration$$EnhancerBySpringCGLIB$$6c261ac8] is not eligible for getting processed by all BeanPostProcessors (for example: not eligible for auto-proxying)
2020-03-31 13:27:10.773  INFO 17268 --- [    Test worker] o.s.b.w.embedded.tomcat.TomcatWebServer  : Tomcat initialized with port(s): 0 (http)
2020-03-31 13:27:10.814  INFO 17268 --- [    Test worker] o.apache.catalina.core.StandardService   : Starting service [Tomcat]
2020-03-31 13:27:10.815  INFO 17268 --- [    Test worker] org.apache.catalina.core.StandardEngine  : Starting Servlet engine: [Apache Tomcat/9.0.22]
2020-03-31 13:27:11.051  INFO 17268 --- [    Test worker] o.a.c.c.C.[Tomcat].[localhost].[/]       : Initializing Spring embedded WebApplicationContext
2020-03-31 13:27:11.052  INFO 17268 --- [    Test worker] o.s.web.context.ContextLoader            : Root WebApplicationContext: initialization completed in 1046 ms
2020-03-31 13:27:11.275  INFO 17268 --- [    Test worker] com.zaxxer.hikari.HikariDataSource       : HikariPool-2 - Starting...
2020-03-31 13:27:11.276  INFO 17268 --- [    Test worker] com.zaxxer.hikari.HikariDataSource       : HikariPool-2 - Start completed.
2020-03-31 13:27:11.328  INFO 17268 --- [    Test worker] o.hibernate.jpa.internal.util.LogHelper  : HHH000204: Processing PersistenceUnitInfo [
	name: default
	...]
2020-03-31 13:27:11.345  INFO 17268 --- [    Test worker] org.hibernate.dialect.Dialect            : HHH000400: Using dialect: org.hibernate.dialect.MySQL5InnoDBDialect
Hibernate: drop table if exists posts
Hibernate: drop table if exists user
Hibernate: create table posts (id bigint not null auto_increment, created_date datetime, modified_date datetime, author varchar(255), content TEXT not null, title varchar(500) not null, primary key (id)) engine=InnoDB
Hibernate: create table user (id bigint not null auto_increment, created_date datetime, modified_date datetime, email varchar(255) not null, name varchar(255) not null, picture varchar(255), role varchar(255) not null, primary key (id)) engine=InnoDB
2020-03-31 13:27:11.407  INFO 17268 --- [    Test worker] o.h.t.schema.internal.SchemaCreatorImpl  : HHH000476: Executing import script 'org.hibernate.tool.schema.internal.exec.ScriptSourceInputNonExistentImpl@69b4c763'
2020-03-31 13:27:11.407  INFO 17268 --- [    Test worker] j.LocalContainerEntityManagerFactoryBean : Initialized JPA EntityManagerFactory for persistence unit 'default'
2020-03-31 13:27:11.830  INFO 17268 --- [    Test worker] o.h.h.i.QueryTranslatorFactoryInitiator  : HHH000397: Using ASTQueryTranslatorFactory
2020-03-31 13:27:12.077  INFO 17268 --- [    Test worker] o.s.s.web.DefaultSecurityFilterChain     : Creating filter chain: any request, [org.springframework.security.web.context.request.async.WebAsyncManagerIntegrationFilter@5601c6f6, org.springframework.security.web.context.SecurityContextPersistenceFilter@245e45d7, org.springframework.security.web.header.HeaderWriterFilter@7f4594f8, org.springframework.security.web.authentication.logout.LogoutFilter@39238eec, org.springframework.security.oauth2.client.web.OAuth2AuthorizationRequestRedirectFilter@6889f11d, org.springframework.security.oauth2.client.web.OAuth2LoginAuthenticationFilter@7b809bca, org.springframework.security.web.authentication.ui.DefaultLoginPageGeneratingFilter@6f050e26, org.springframework.security.web.authentication.ui.DefaultLogoutPageGeneratingFilter@4a1ee3d4, org.springframework.security.web.savedrequest.RequestCacheAwareFilter@1e0e4692, org.springframework.security.web.servletapi.SecurityContextHolderAwareRequestFilter@4d3ff3ff, org.springframework.security.web.authentication.AnonymousAuthenticationFilter@6d38f293, org.springframework.security.web.session.SessionManagementFilter@61f86c02, org.springframework.security.web.access.ExceptionTranslationFilter@21c36533, org.springframework.security.web.access.intercept.FilterSecurityInterceptor@16e14c5e]
2020-03-31 13:27:12.321  INFO 17268 --- [    Test worker] o.s.s.concurrent.ThreadPoolTaskExecutor  : Initializing ExecutorService 'applicationTaskExecutor'
2020-03-31 13:27:12.336  WARN 17268 --- [    Test worker] aWebConfiguration$JpaWebMvcConfiguration : spring.jpa.open-in-view is enabled by default. Therefore, database queries may be performed during view rendering. Explicitly configure spring.jpa.open-in-view to disable this warning
2020-03-31 13:27:12.368  INFO 17268 --- [    Test worker] o.s.b.a.w.s.WelcomePageHandlerMapping    : Adding welcome page template: index
2020-03-31 13:27:12.754  INFO 17268 --- [    Test worker] s.a.ScheduledAnnotationBeanPostProcessor : No TaskScheduler/ScheduledExecutorService bean found for scheduled processing
2020-03-31 13:27:12.781  INFO 17268 --- [    Test worker] o.s.b.w.embedded.tomcat.TomcatWebServer  : Tomcat started on port(s): 51200 (http) with context path ''
2020-03-31 13:27:12.782  INFO 17268 --- [    Test worker] o.r.springboot.web.IndexControllerTest   : Started IndexControllerTest in 2.835 seconds (JVM running for 14.515)
2020-03-31 13:27:12.916  INFO 17268 --- [o-auto-1-exec-1] o.a.c.c.C.[Tomcat].[localhost].[/]       : Initializing Spring DispatcherServlet 'dispatcherServlet'
2020-03-31 13:27:12.916  INFO 17268 --- [o-auto-1-exec-1] o.s.web.servlet.DispatcherServlet        : Initializing Servlet 'dispatcherServlet'
2020-03-31 13:27:12.941  INFO 17268 --- [o-auto-1-exec-1] o.s.web.servlet.DispatcherServlet        : Completed initialization in 25 ms
Hibernate: select posts0_.id as id1_0_, posts0_.created_date as created_2_0_, posts0_.modified_date as modified3_0_, posts0_.author as author4_0_, posts0_.content as content5_0_, posts0_.title as title6_0_ from posts posts0_ order by posts0_.id DESC
]]></system-out>
  <system-err><![CDATA[]]></system-err>
</testsuite>
