<?xml version="1.0" encoding="UTF-8"?>
<testsuite name="org.refrigerator.springboot.web.IndexControllerTest" tests="1" skipped="0" failures="0" errors="0" timestamp="2020-03-30T16:30:25" hostname="sunmon-laptop" time="0.165">
  <properties/>
  <testcase name="메인페이지_로딩" classname="org.refrigerator.springboot.web.IndexControllerTest" time="0.165"/>
  <system-out><![CDATA[2020-03-31 01:30:25.396  INFO 6560 --- [    Test worker] .b.t.c.SpringBootTestContextBootstrapper : Neither @ContextConfiguration nor @ContextHierarchy found for test class [org.refrigerator.springboot.web.IndexControllerTest], using SpringBootContextLoader
2020-03-31 01:30:25.398  INFO 6560 --- [    Test worker] o.s.t.c.support.AbstractContextLoader    : Could not detect default resource locations for test class [org.refrigerator.springboot.web.IndexControllerTest]: no resource found for suffixes {-context.xml, Context.groovy}.
2020-03-31 01:30:25.398  INFO 6560 --- [    Test worker] t.c.s.AnnotationConfigContextLoaderUtils : Could not detect default configuration classes for test class [org.refrigerator.springboot.web.IndexControllerTest]: IndexControllerTest does not declare any static, non-private, non-final, nested classes annotated with @Configuration.
2020-03-31 01:30:25.401  INFO 6560 --- [    Test worker] .b.t.c.SpringBootTestContextBootstrapper : Found @SpringBootConfiguration org.refrigerator.springboot.Application for test class org.refrigerator.springboot.web.IndexControllerTest
2020-03-31 01:30:25.403  INFO 6560 --- [    Test worker] .b.t.c.SpringBootTestContextBootstrapper : Loaded default TestExecutionListener class names from location [META-INF/spring.factories]: [org.springframework.security.test.context.support.WithSecurityContextTestExecutionListener, org.springframework.security.test.context.support.ReactorContextTestExecutionListener, org.springframework.boot.test.autoconfigure.restdocs.RestDocsTestExecutionListener, org.springframework.boot.test.autoconfigure.web.client.MockRestServiceServerResetTestExecutionListener, org.springframework.boot.test.autoconfigure.web.servlet.MockMvcPrintOnlyOnFailureTestExecutionListener, org.springframework.boot.test.autoconfigure.web.servlet.WebDriverTestExecutionListener, org.springframework.boot.test.mock.mockito.MockitoTestExecutionListener, org.springframework.boot.test.mock.mockito.ResetMocksTestExecutionListener, org.springframework.test.context.web.ServletTestExecutionListener, org.springframework.test.context.support.DirtiesContextBeforeModesTestExecutionListener, org.springframework.test.context.support.DependencyInjectionTestExecutionListener, org.springframework.test.context.support.DirtiesContextTestExecutionListener, org.springframework.test.context.transaction.TransactionalTestExecutionListener, org.springframework.test.context.jdbc.SqlScriptsTestExecutionListener]
2020-03-31 01:30:25.404  INFO 6560 --- [    Test worker] .b.t.c.SpringBootTestContextBootstrapper : Using TestExecutionListeners: [org.springframework.test.context.web.ServletTestExecutionListener@95281da, org.springframework.test.context.support.DirtiesContextBeforeModesTestExecutionListener@41898aca, org.springframework.boot.test.mock.mockito.MockitoTestExecutionListener@76a2ab8d, org.springframework.boot.test.autoconfigure.SpringBootDependencyInjectionTestExecutionListener@53ece3bb, org.springframework.test.context.support.DirtiesContextTestExecutionListener@4e2df44d, org.springframework.test.context.transaction.TransactionalTestExecutionListener@437ff898, org.springframework.test.context.jdbc.SqlScriptsTestExecutionListener@2062ddb9, org.springframework.security.test.context.support.WithSecurityContextTestExecutionListener@14271335, org.springframework.security.test.context.support.ReactorContextTestExecutionListener@35891260, org.springframework.boot.test.autoconfigure.restdocs.RestDocsTestExecutionListener@90e8771, org.springframework.boot.test.autoconfigure.web.client.MockRestServiceServerResetTestExecutionListener@3fb70cfc, org.springframework.boot.test.autoconfigure.web.servlet.MockMvcPrintOnlyOnFailureTestExecutionListener@13a51e84, org.springframework.boot.test.autoconfigure.web.servlet.WebDriverTestExecutionListener@6e421482, org.springframework.boot.test.mock.mockito.ResetMocksTestExecutionListener@138a3334]
2020-03-31 01:30:25.488  INFO 6560 --- [o-auto-1-exec-1] o.a.c.c.C.[Tomcat].[localhost].[/]       : Initializing Spring DispatcherServlet 'dispatcherServlet'
2020-03-31 01:30:25.489  INFO 6560 --- [o-auto-1-exec-1] o.s.web.servlet.DispatcherServlet        : Initializing Servlet 'dispatcherServlet'
2020-03-31 01:30:25.494  INFO 6560 --- [o-auto-1-exec-1] o.s.web.servlet.DispatcherServlet        : Completed initialization in 5 ms
Hibernate: select posts0_.id as id1_0_, posts0_.created_date as created_2_0_, posts0_.modified_date as modified3_0_, posts0_.author as author4_0_, posts0_.content as content5_0_, posts0_.title as title6_0_ from posts posts0_ order by posts0_.id DESC
]]></system-out>
  <system-err><![CDATA[]]></system-err>
</testsuite>
