<?xml version="1.0" encoding="UTF-8"?>
<testsuite name="org.refrigerator.springboot.domain.posts.PostsRepositoryTest" tests="2" skipped="0" failures="0" errors="0" timestamp="2020-03-30T16:30:26" hostname="sunmon-laptop" time="0.038">
  <properties/>
  <testcase name="게시글저장_불러오기" classname="org.refrigerator.springboot.domain.posts.PostsRepositoryTest" time="0.021"/>
  <testcase name="BaseTimeEntity_등록" classname="org.refrigerator.springboot.domain.posts.PostsRepositoryTest" time="0.017"/>
  <system-out><![CDATA[2020-03-31 01:30:25.583  INFO 6560 --- [    Test worker] .b.t.c.SpringBootTestContextBootstrapper : Neither @ContextConfiguration nor @ContextHierarchy found for test class [org.refrigerator.springboot.domain.posts.PostsRepositoryTest], using SpringBootContextLoader
2020-03-31 01:30:25.584  INFO 6560 --- [    Test worker] o.s.t.c.support.AbstractContextLoader    : Could not detect default resource locations for test class [org.refrigerator.springboot.domain.posts.PostsRepositoryTest]: no resource found for suffixes {-context.xml, Context.groovy}.
2020-03-31 01:30:25.585  INFO 6560 --- [    Test worker] t.c.s.AnnotationConfigContextLoaderUtils : Could not detect default configuration classes for test class [org.refrigerator.springboot.domain.posts.PostsRepositoryTest]: PostsRepositoryTest does not declare any static, non-private, non-final, nested classes annotated with @Configuration.
2020-03-31 01:30:25.597  INFO 6560 --- [    Test worker] .b.t.c.SpringBootTestContextBootstrapper : Found @SpringBootConfiguration org.refrigerator.springboot.Application for test class org.refrigerator.springboot.domain.posts.PostsRepositoryTest
2020-03-31 01:30:25.600  INFO 6560 --- [    Test worker] .b.t.c.SpringBootTestContextBootstrapper : Loaded default TestExecutionListener class names from location [META-INF/spring.factories]: [org.springframework.security.test.context.support.WithSecurityContextTestExecutionListener, org.springframework.security.test.context.support.ReactorContextTestExecutionListener, org.springframework.boot.test.autoconfigure.restdocs.RestDocsTestExecutionListener, org.springframework.boot.test.autoconfigure.web.client.MockRestServiceServerResetTestExecutionListener, org.springframework.boot.test.autoconfigure.web.servlet.MockMvcPrintOnlyOnFailureTestExecutionListener, org.springframework.boot.test.autoconfigure.web.servlet.WebDriverTestExecutionListener, org.springframework.boot.test.mock.mockito.MockitoTestExecutionListener, org.springframework.boot.test.mock.mockito.ResetMocksTestExecutionListener, org.springframework.test.context.web.ServletTestExecutionListener, org.springframework.test.context.support.DirtiesContextBeforeModesTestExecutionListener, org.springframework.test.context.support.DependencyInjectionTestExecutionListener, org.springframework.test.context.support.DirtiesContextTestExecutionListener, org.springframework.test.context.transaction.TransactionalTestExecutionListener, org.springframework.test.context.jdbc.SqlScriptsTestExecutionListener]
2020-03-31 01:30:25.601  INFO 6560 --- [    Test worker] .b.t.c.SpringBootTestContextBootstrapper : Using TestExecutionListeners: [org.springframework.test.context.web.ServletTestExecutionListener@25476996, org.springframework.test.context.support.DirtiesContextBeforeModesTestExecutionListener@4a0e0413, org.springframework.boot.test.mock.mockito.MockitoTestExecutionListener@2e9d1dcb, org.springframework.boot.test.autoconfigure.SpringBootDependencyInjectionTestExecutionListener@38aaf05a, org.springframework.test.context.support.DirtiesContextTestExecutionListener@26bf3500, org.springframework.test.context.transaction.TransactionalTestExecutionListener@1c2b9358, org.springframework.test.context.jdbc.SqlScriptsTestExecutionListener@5a1ea653, org.springframework.security.test.context.support.WithSecurityContextTestExecutionListener@35d9a56a, org.springframework.security.test.context.support.ReactorContextTestExecutionListener@6a9191e4, org.springframework.boot.test.autoconfigure.restdocs.RestDocsTestExecutionListener@2a606ebd, org.springframework.boot.test.autoconfigure.web.client.MockRestServiceServerResetTestExecutionListener@5e3699c, org.springframework.boot.test.autoconfigure.web.servlet.MockMvcPrintOnlyOnFailureTestExecutionListener@7d696ebf, org.springframework.boot.test.autoconfigure.web.servlet.WebDriverTestExecutionListener@1b11ce47, org.springframework.boot.test.mock.mockito.ResetMocksTestExecutionListener@32ad5e1e]

  .   ____          _            __ _ _
 /\\ / ___'_ __ _ _(_)_ __  __ _ \ \ \ \
( ( )\___ | '_ | '_| | '_ \/ _` | \ \ \ \
 \\/  ___)| |_)| | | | | || (_| |  ) ) ) )
  '  |____| .__|_| |_|_| |_\__, | / / / /
 =========|_|==============|___/=/_/_/_/
 :: Spring Boot ::        (v2.1.7.RELEASE)

2020-03-31 01:30:25.619  INFO 6560 --- [    Test worker] o.r.s.domain.posts.PostsRepositoryTest   : Starting PostsRepositoryTest on sunmon-laptop with PID 6560 (started by sunmon in /home/sunmon/IdeaProjects/pray-for-refrigerator)
2020-03-31 01:30:25.620  INFO 6560 --- [    Test worker] o.r.s.domain.posts.PostsRepositoryTest   : No active profile set, falling back to default profiles: default
2020-03-31 01:30:25.796  INFO 6560 --- [    Test worker] .s.d.r.c.RepositoryConfigurationDelegate : Bootstrapping Spring Data repositories in DEFAULT mode.
2020-03-31 01:30:25.808  INFO 6560 --- [    Test worker] .s.d.r.c.RepositoryConfigurationDelegate : Finished Spring Data repository scanning in 11ms. Found 2 repository interfaces.
2020-03-31 01:30:25.895  INFO 6560 --- [    Test worker] trationDelegate$BeanPostProcessorChecker : Bean 'org.springframework.transaction.annotation.ProxyTransactionManagementConfiguration' of type [org.springframework.transaction.annotation.ProxyTransactionManagementConfiguration$$EnhancerBySpringCGLIB$$9b1b8029] is not eligible for getting processed by all BeanPostProcessors (for example: not eligible for auto-proxying)
2020-03-31 01:30:25.956  INFO 6560 --- [    Test worker] com.zaxxer.hikari.HikariDataSource       : HikariPool-2 - Starting...
2020-03-31 01:30:25.958  INFO 6560 --- [    Test worker] com.zaxxer.hikari.HikariDataSource       : HikariPool-2 - Start completed.
2020-03-31 01:30:25.971  INFO 6560 --- [    Test worker] o.hibernate.jpa.internal.util.LogHelper  : HHH000204: Processing PersistenceUnitInfo [
	name: default
	...]
2020-03-31 01:30:25.978  INFO 6560 --- [    Test worker] org.hibernate.dialect.Dialect            : HHH000400: Using dialect: org.hibernate.dialect.MySQL5InnoDBDialect
Hibernate: drop table if exists posts
Hibernate: drop table if exists user
Hibernate: create table posts (id bigint not null auto_increment, created_date datetime, modified_date datetime, author varchar(255), content TEXT not null, title varchar(500) not null, primary key (id)) engine=InnoDB
Hibernate: create table user (id bigint not null auto_increment, created_date datetime, modified_date datetime, email varchar(255) not null, name varchar(255) not null, picture varchar(255), role varchar(255) not null, primary key (id)) engine=InnoDB
2020-03-31 01:30:26.029  INFO 6560 --- [    Test worker] o.h.t.schema.internal.SchemaCreatorImpl  : HHH000476: Executing import script 'org.hibernate.tool.schema.internal.exec.ScriptSourceInputNonExistentImpl@26f9f7d1'
2020-03-31 01:30:26.030  INFO 6560 --- [    Test worker] j.LocalContainerEntityManagerFactoryBean : Initialized JPA EntityManagerFactory for persistence unit 'default'
2020-03-31 01:30:26.173  INFO 6560 --- [    Test worker] o.h.h.i.QueryTranslatorFactoryInitiator  : HHH000397: Using ASTQueryTranslatorFactory
2020-03-31 01:30:26.266  INFO 6560 --- [    Test worker] o.s.s.web.DefaultSecurityFilterChain     : Creating filter chain: any request, [org.springframework.security.web.context.request.async.WebAsyncManagerIntegrationFilter@6d13903e, org.springframework.security.web.context.SecurityContextPersistenceFilter@378663c2, org.springframework.security.web.header.HeaderWriterFilter@6d7035e6, org.springframework.security.web.authentication.logout.LogoutFilter@5beca973, org.springframework.security.oauth2.client.web.OAuth2AuthorizationRequestRedirectFilter@516c91e, org.springframework.security.oauth2.client.web.OAuth2LoginAuthenticationFilter@1054dd15, org.springframework.security.web.authentication.ui.DefaultLoginPageGeneratingFilter@5f70592c, org.springframework.security.web.authentication.ui.DefaultLogoutPageGeneratingFilter@51772ec, org.springframework.security.web.savedrequest.RequestCacheAwareFilter@4d860580, org.springframework.security.web.servletapi.SecurityContextHolderAwareRequestFilter@2135d6d3, org.springframework.security.web.authentication.AnonymousAuthenticationFilter@367a0569, org.springframework.security.web.session.SessionManagementFilter@1d7c78e9, org.springframework.security.web.access.ExceptionTranslationFilter@af5aa8, org.springframework.security.web.access.intercept.FilterSecurityInterceptor@74338be3]
2020-03-31 01:30:26.444  INFO 6560 --- [    Test worker] o.s.s.concurrent.ThreadPoolTaskExecutor  : Initializing ExecutorService 'applicationTaskExecutor'
2020-03-31 01:30:26.453  WARN 6560 --- [    Test worker] aWebConfiguration$JpaWebMvcConfiguration : spring.jpa.open-in-view is enabled by default. Therefore, database queries may be performed during view rendering. Explicitly configure spring.jpa.open-in-view to disable this warning
2020-03-31 01:30:26.470  INFO 6560 --- [    Test worker] o.s.b.a.w.s.WelcomePageHandlerMapping    : Adding welcome page template: index
2020-03-31 01:30:26.706  INFO 6560 --- [    Test worker] s.a.ScheduledAnnotationBeanPostProcessor : No TaskScheduler/ScheduledExecutorService bean found for scheduled processing
2020-03-31 01:30:26.708  INFO 6560 --- [    Test worker] o.r.s.domain.posts.PostsRepositoryTest   : Started PostsRepositoryTest in 1.104 seconds (JVM running for 9.172)
Hibernate: insert into posts (created_date, modified_date, author, content, title) values (?, ?, ?, ?, ?)
Hibernate: select posts0_.id as id1_0_, posts0_.created_date as created_2_0_, posts0_.modified_date as modified3_0_, posts0_.author as author4_0_, posts0_.content as content5_0_, posts0_.title as title6_0_ from posts posts0_
Hibernate: select posts0_.id as id1_0_, posts0_.created_date as created_2_0_, posts0_.modified_date as modified3_0_, posts0_.author as author4_0_, posts0_.content as content5_0_, posts0_.title as title6_0_ from posts posts0_
Hibernate: delete from posts where id=?
Hibernate: insert into posts (created_date, modified_date, author, content, title) values (?, ?, ?, ?, ?)
Hibernate: select posts0_.id as id1_0_, posts0_.created_date as created_2_0_, posts0_.modified_date as modified3_0_, posts0_.author as author4_0_, posts0_.content as content5_0_, posts0_.title as title6_0_ from posts posts0_
>>>>>>>>>> createDate=2020-03-31T01:30:26.737364, modifiedDate=2020-03-31T01:30:26.737364
Hibernate: select posts0_.id as id1_0_, posts0_.created_date as created_2_0_, posts0_.modified_date as modified3_0_, posts0_.author as author4_0_, posts0_.content as content5_0_, posts0_.title as title6_0_ from posts posts0_
Hibernate: delete from posts where id=?
]]></system-out>
  <system-err><![CDATA[]]></system-err>
</testsuite>
