<?xml version="1.0" encoding="UTF-8"?>
<testsuite name="org.refrigerator.springboot.domain.posts.PostsRepositoryTest" tests="2" skipped="0" failures="0" errors="0" timestamp="2020-03-30T11:45:51" hostname="MSI-laptop" time="0.238">
  <properties/>
  <testcase name="게시글저장_불러오기" classname="org.refrigerator.springboot.domain.posts.PostsRepositoryTest" time="0.225"/>
  <testcase name="BaseTimeEntity_등록" classname="org.refrigerator.springboot.domain.posts.PostsRepositoryTest" time="0.012"/>
  <system-out><![CDATA[2020-03-30 20:45:46.397  INFO 11972 --- [    Test worker] .b.t.c.SpringBootTestContextBootstrapper : Neither @ContextConfiguration nor @ContextHierarchy found for test class [org.refrigerator.springboot.domain.posts.PostsRepositoryTest], using SpringBootContextLoader
2020-03-30 20:45:46.399  INFO 11972 --- [    Test worker] o.s.t.c.support.AbstractContextLoader    : Could not detect default resource locations for test class [org.refrigerator.springboot.domain.posts.PostsRepositoryTest]: no resource found for suffixes {-context.xml, Context.groovy}.
2020-03-30 20:45:46.399  INFO 11972 --- [    Test worker] t.c.s.AnnotationConfigContextLoaderUtils : Could not detect default configuration classes for test class [org.refrigerator.springboot.domain.posts.PostsRepositoryTest]: PostsRepositoryTest does not declare any static, non-private, non-final, nested classes annotated with @Configuration.
2020-03-30 20:45:46.413  INFO 11972 --- [    Test worker] .b.t.c.SpringBootTestContextBootstrapper : Found @SpringBootConfiguration org.refrigerator.springboot.Application for test class org.refrigerator.springboot.domain.posts.PostsRepositoryTest
2020-03-30 20:45:46.416  INFO 11972 --- [    Test worker] .b.t.c.SpringBootTestContextBootstrapper : Loaded default TestExecutionListener class names from location [META-INF/spring.factories]: [org.springframework.security.test.context.support.WithSecurityContextTestExecutionListener, org.springframework.security.test.context.support.ReactorContextTestExecutionListener, org.springframework.boot.test.autoconfigure.restdocs.RestDocsTestExecutionListener, org.springframework.boot.test.autoconfigure.web.client.MockRestServiceServerResetTestExecutionListener, org.springframework.boot.test.autoconfigure.web.servlet.MockMvcPrintOnlyOnFailureTestExecutionListener, org.springframework.boot.test.autoconfigure.web.servlet.WebDriverTestExecutionListener, org.springframework.boot.test.mock.mockito.MockitoTestExecutionListener, org.springframework.boot.test.mock.mockito.ResetMocksTestExecutionListener, org.springframework.test.context.web.ServletTestExecutionListener, org.springframework.test.context.support.DirtiesContextBeforeModesTestExecutionListener, org.springframework.test.context.support.DependencyInjectionTestExecutionListener, org.springframework.test.context.support.DirtiesContextTestExecutionListener, org.springframework.test.context.transaction.TransactionalTestExecutionListener, org.springframework.test.context.jdbc.SqlScriptsTestExecutionListener]
2020-03-30 20:45:46.418  INFO 11972 --- [    Test worker] .b.t.c.SpringBootTestContextBootstrapper : Using TestExecutionListeners: [org.springframework.test.context.web.ServletTestExecutionListener@35141266, org.springframework.test.context.support.DirtiesContextBeforeModesTestExecutionListener@6f002e, org.springframework.boot.test.mock.mockito.MockitoTestExecutionListener@3c42af9a, org.springframework.boot.test.autoconfigure.SpringBootDependencyInjectionTestExecutionListener@10926806, org.springframework.test.context.support.DirtiesContextTestExecutionListener@580df50, org.springframework.test.context.transaction.TransactionalTestExecutionListener@7d96c1be, org.springframework.test.context.jdbc.SqlScriptsTestExecutionListener@54818fe9, org.springframework.security.test.context.support.WithSecurityContextTestExecutionListener@57500f27, org.springframework.security.test.context.support.ReactorContextTestExecutionListener@542920c2, org.springframework.boot.test.autoconfigure.restdocs.RestDocsTestExecutionListener@1f7980c8, org.springframework.boot.test.autoconfigure.web.client.MockRestServiceServerResetTestExecutionListener@47dfaa09, org.springframework.boot.test.autoconfigure.web.servlet.MockMvcPrintOnlyOnFailureTestExecutionListener@1021ace2, org.springframework.boot.test.autoconfigure.web.servlet.WebDriverTestExecutionListener@d13b114, org.springframework.boot.test.mock.mockito.ResetMocksTestExecutionListener@5e3f0fbe]

  .   ____          _            __ _ _
 /\\ / ___'_ __ _ _(_)_ __  __ _ \ \ \ \
( ( )\___ | '_ | '_| | '_ \/ _` | \ \ \ \
 \\/  ___)| |_)| | | | | || (_| |  ) ) ) )
  '  |____| .__|_| |_|_| |_\__, | / / / /
 =========|_|==============|___/=/_/_/_/
 :: Spring Boot ::        (v2.1.7.RELEASE)

2020-03-30 20:45:46.452  INFO 11972 --- [    Test worker] o.r.s.domain.posts.PostsRepositoryTest   : Starting PostsRepositoryTest on MSI-laptop with PID 11972 (started by black in C:\Users\black\Desktop\pray-for-refrigerator)
2020-03-30 20:45:46.452  INFO 11972 --- [    Test worker] o.r.s.domain.posts.PostsRepositoryTest   : No active profile set, falling back to default profiles: default
2020-03-30 20:45:46.980  INFO 11972 --- [    Test worker] .s.d.r.c.RepositoryConfigurationDelegate : Bootstrapping Spring Data repositories in DEFAULT mode.
2020-03-30 20:45:47.059  INFO 11972 --- [    Test worker] .s.d.r.c.RepositoryConfigurationDelegate : Finished Spring Data repository scanning in 71ms. Found 2 repository interfaces.
2020-03-30 20:45:47.404  INFO 11972 --- [    Test worker] trationDelegate$BeanPostProcessorChecker : Bean 'org.springframework.transaction.annotation.ProxyTransactionManagementConfiguration' of type [org.springframework.transaction.annotation.ProxyTransactionManagementConfiguration$$EnhancerBySpringCGLIB$$c9c1af02] is not eligible for getting processed by all BeanPostProcessors (for example: not eligible for auto-proxying)
2020-03-30 20:45:47.639  INFO 11972 --- [    Test worker] com.zaxxer.hikari.HikariDataSource       : HikariPool-1 - Starting...
2020-03-30 20:45:47.890  INFO 11972 --- [    Test worker] com.zaxxer.hikari.HikariDataSource       : HikariPool-1 - Start completed.
2020-03-30 20:45:48.023  INFO 11972 --- [    Test worker] o.hibernate.jpa.internal.util.LogHelper  : HHH000204: Processing PersistenceUnitInfo [
	name: default
	...]
2020-03-30 20:45:48.123  INFO 11972 --- [    Test worker] org.hibernate.Version                    : HHH000412: Hibernate Core {5.3.10.Final}
2020-03-30 20:45:48.126  INFO 11972 --- [    Test worker] org.hibernate.cfg.Environment            : HHH000206: hibernate.properties not found
2020-03-30 20:45:48.207  INFO 11972 --- [    Test worker] o.hibernate.annotations.common.Version   : HCANN000001: Hibernate Commons Annotations {5.0.4.Final}
2020-03-30 20:45:48.493  INFO 11972 --- [    Test worker] org.hibernate.dialect.Dialect            : HHH000400: Using dialect: org.hibernate.dialect.MySQL5InnoDBDialect
Hibernate: drop table if exists posts
Hibernate: drop table if exists user
Hibernate: create table posts (id bigint not null auto_increment, created_date datetime, modified_date datetime, author varchar(255), content TEXT not null, title varchar(500) not null, primary key (id)) engine=InnoDB
Hibernate: create table user (id bigint not null auto_increment, created_date datetime, modified_date datetime, email varchar(255) not null, name varchar(255) not null, picture varchar(255), role varchar(255) not null, primary key (id)) engine=InnoDB
2020-03-30 20:45:49.275  INFO 11972 --- [    Test worker] o.h.t.schema.internal.SchemaCreatorImpl  : HHH000476: Executing import script 'org.hibernate.tool.schema.internal.exec.ScriptSourceInputNonExistentImpl@27687f80'
2020-03-30 20:45:49.279  INFO 11972 --- [    Test worker] j.LocalContainerEntityManagerFactoryBean : Initialized JPA EntityManagerFactory for persistence unit 'default'
2020-03-30 20:45:49.903  INFO 11972 --- [    Test worker] o.h.h.i.QueryTranslatorFactoryInitiator  : HHH000397: Using ASTQueryTranslatorFactory
2020-03-30 20:45:50.361  INFO 11972 --- [    Test worker] o.s.s.web.DefaultSecurityFilterChain     : Creating filter chain: any request, [org.springframework.security.web.context.request.async.WebAsyncManagerIntegrationFilter@5c327b87, org.springframework.security.web.context.SecurityContextPersistenceFilter@5f6ab380, org.springframework.security.web.header.HeaderWriterFilter@63f18c54, org.springframework.security.web.authentication.logout.LogoutFilter@73962ec7, org.springframework.security.oauth2.client.web.OAuth2AuthorizationRequestRedirectFilter@3ac31b15, org.springframework.security.oauth2.client.web.OAuth2LoginAuthenticationFilter@7b6077cb, org.springframework.security.web.authentication.ui.DefaultLoginPageGeneratingFilter@79ea74c9, org.springframework.security.web.authentication.ui.DefaultLogoutPageGeneratingFilter@14ee4964, org.springframework.security.web.savedrequest.RequestCacheAwareFilter@2bdec2df, org.springframework.security.web.servletapi.SecurityContextHolderAwareRequestFilter@442268dc, org.springframework.security.web.authentication.AnonymousAuthenticationFilter@9443fdd, org.springframework.security.web.session.SessionManagementFilter@4a7ef160, org.springframework.security.web.access.ExceptionTranslationFilter@77906a18, org.springframework.security.web.access.intercept.FilterSecurityInterceptor@66bedfbc]
2020-03-30 20:45:50.853  INFO 11972 --- [    Test worker] o.s.s.concurrent.ThreadPoolTaskExecutor  : Initializing ExecutorService 'applicationTaskExecutor'
2020-03-30 20:45:50.870  WARN 11972 --- [    Test worker] aWebConfiguration$JpaWebMvcConfiguration : spring.jpa.open-in-view is enabled by default. Therefore, database queries may be performed during view rendering. Explicitly configure spring.jpa.open-in-view to disable this warning
2020-03-30 20:45:50.913  INFO 11972 --- [    Test worker] o.s.b.a.w.s.WelcomePageHandlerMapping    : Adding welcome page template: index
2020-03-30 20:45:51.517  INFO 11972 --- [    Test worker] s.a.ScheduledAnnotationBeanPostProcessor : No TaskScheduler/ScheduledExecutorService bean found for scheduled processing
2020-03-30 20:45:51.527  INFO 11972 --- [    Test worker] o.r.s.domain.posts.PostsRepositoryTest   : Started PostsRepositoryTest in 5.106 seconds (JVM running for 10.828)
Hibernate: insert into posts (created_date, modified_date, author, content, title) values (?, ?, ?, ?, ?)
Hibernate: select posts0_.id as id1_0_, posts0_.created_date as created_2_0_, posts0_.modified_date as modified3_0_, posts0_.author as author4_0_, posts0_.content as content5_0_, posts0_.title as title6_0_ from posts posts0_
Hibernate: select posts0_.id as id1_0_, posts0_.created_date as created_2_0_, posts0_.modified_date as modified3_0_, posts0_.author as author4_0_, posts0_.content as content5_0_, posts0_.title as title6_0_ from posts posts0_
Hibernate: delete from posts where id=?
Hibernate: insert into posts (created_date, modified_date, author, content, title) values (?, ?, ?, ?, ?)
Hibernate: select posts0_.id as id1_0_, posts0_.created_date as created_2_0_, posts0_.modified_date as modified3_0_, posts0_.author as author4_0_, posts0_.content as content5_0_, posts0_.title as title6_0_ from posts posts0_
>>>>>>>>>> createDate=2020-03-30T20:45:51.761740, modifiedDate=2020-03-30T20:45:51.761740
Hibernate: select posts0_.id as id1_0_, posts0_.created_date as created_2_0_, posts0_.modified_date as modified3_0_, posts0_.author as author4_0_, posts0_.content as content5_0_, posts0_.title as title6_0_ from posts posts0_
Hibernate: delete from posts where id=?
]]></system-out>
  <system-err><![CDATA[]]></system-err>
</testsuite>
