<?xml version="1.0" encoding="UTF-8"?>
<testsuite name="org.refrigerator.springboot.web.HelloControllerTest" tests="2" skipped="0" failures="0" errors="0" timestamp="2020-03-30T16:30:25" hostname="sunmon-laptop" time="0.045">
  <properties/>
  <testcase name="hello가_리턴된다" classname="org.refrigerator.springboot.web.HelloControllerTest" time="0.016"/>
  <testcase name="helloDto가_리턴된다" classname="org.refrigerator.springboot.web.HelloControllerTest" time="0.029"/>
  <system-out><![CDATA[2020-03-31 01:30:24.650  INFO 6560 --- [    Test worker] .b.t.a.w.s.WebMvcTestContextBootstrapper : Neither @ContextConfiguration nor @ContextHierarchy found for test class [org.refrigerator.springboot.web.HelloControllerTest], using SpringBootContextLoader
2020-03-31 01:30:24.652  INFO 6560 --- [    Test worker] o.s.t.c.support.AbstractContextLoader    : Could not detect default resource locations for test class [org.refrigerator.springboot.web.HelloControllerTest]: no resource found for suffixes {-context.xml, Context.groovy}.
2020-03-31 01:30:24.652  INFO 6560 --- [    Test worker] t.c.s.AnnotationConfigContextLoaderUtils : Could not detect default configuration classes for test class [org.refrigerator.springboot.web.HelloControllerTest]: HelloControllerTest does not declare any static, non-private, non-final, nested classes annotated with @Configuration.
2020-03-31 01:30:24.672  INFO 6560 --- [    Test worker] .b.t.c.SpringBootTestContextBootstrapper : Found @SpringBootConfiguration org.refrigerator.springboot.Application for test class org.refrigerator.springboot.web.HelloControllerTest
2020-03-31 01:30:24.674  INFO 6560 --- [    Test worker] .b.t.a.w.s.WebMvcTestContextBootstrapper : Loaded default TestExecutionListener class names from location [META-INF/spring.factories]: [org.springframework.security.test.context.support.WithSecurityContextTestExecutionListener, org.springframework.security.test.context.support.ReactorContextTestExecutionListener, org.springframework.boot.test.autoconfigure.restdocs.RestDocsTestExecutionListener, org.springframework.boot.test.autoconfigure.web.client.MockRestServiceServerResetTestExecutionListener, org.springframework.boot.test.autoconfigure.web.servlet.MockMvcPrintOnlyOnFailureTestExecutionListener, org.springframework.boot.test.autoconfigure.web.servlet.WebDriverTestExecutionListener, org.springframework.boot.test.mock.mockito.MockitoTestExecutionListener, org.springframework.boot.test.mock.mockito.ResetMocksTestExecutionListener, org.springframework.test.context.web.ServletTestExecutionListener, org.springframework.test.context.support.DirtiesContextBeforeModesTestExecutionListener, org.springframework.test.context.support.DependencyInjectionTestExecutionListener, org.springframework.test.context.support.DirtiesContextTestExecutionListener, org.springframework.test.context.transaction.TransactionalTestExecutionListener, org.springframework.test.context.jdbc.SqlScriptsTestExecutionListener]
2020-03-31 01:30:24.675  INFO 6560 --- [    Test worker] .b.t.a.w.s.WebMvcTestContextBootstrapper : Using TestExecutionListeners: [org.springframework.test.context.web.ServletTestExecutionListener@d1189ee, org.springframework.test.context.support.DirtiesContextBeforeModesTestExecutionListener@231c718b, org.springframework.boot.test.mock.mockito.MockitoTestExecutionListener@5ed805c1, org.springframework.boot.test.autoconfigure.SpringBootDependencyInjectionTestExecutionListener@1de30cff, org.springframework.test.context.support.DirtiesContextTestExecutionListener@1c3cb854, org.springframework.test.context.transaction.TransactionalTestExecutionListener@5cec0271, org.springframework.test.context.jdbc.SqlScriptsTestExecutionListener@4204f220, org.springframework.security.test.context.support.WithSecurityContextTestExecutionListener@47058a6b, org.springframework.security.test.context.support.ReactorContextTestExecutionListener@3e0274c7, org.springframework.boot.test.autoconfigure.restdocs.RestDocsTestExecutionListener@2c106fc, org.springframework.boot.test.autoconfigure.web.client.MockRestServiceServerResetTestExecutionListener@67316176, org.springframework.boot.test.autoconfigure.web.servlet.MockMvcPrintOnlyOnFailureTestExecutionListener@c8ce929, org.springframework.boot.test.autoconfigure.web.servlet.WebDriverTestExecutionListener@21051033, org.springframework.boot.test.mock.mockito.ResetMocksTestExecutionListener@2bf91409]

  .   ____          _            __ _ _
 /\\ / ___'_ __ _ _(_)_ __  __ _ \ \ \ \
( ( )\___ | '_ | '_| | '_ \/ _` | \ \ \ \
 \\/  ___)| |_)| | | | | || (_| |  ) ) ) )
  '  |____| .__|_| |_|_| |_\__, | / / / /
 =========|_|==============|___/=/_/_/_/
 :: Spring Boot ::        (v2.1.7.RELEASE)

2020-03-31 01:30:24.715  INFO 6560 --- [    Test worker] o.r.springboot.web.HelloControllerTest   : Starting HelloControllerTest on sunmon-laptop with PID 6560 (started by sunmon in /home/sunmon/IdeaProjects/pray-for-refrigerator)
2020-03-31 01:30:24.717  INFO 6560 --- [    Test worker] o.r.springboot.web.HelloControllerTest   : No active profile set, falling back to default profiles: default
2020-03-31 01:30:25.103  INFO 6560 --- [    Test worker] o.s.s.concurrent.ThreadPoolTaskExecutor  : Initializing ExecutorService 'applicationTaskExecutor'
2020-03-31 01:30:25.123  INFO 6560 --- [    Test worker] o.s.b.a.w.s.WelcomePageHandlerMapping    : Adding welcome page template: index
2020-03-31 01:30:25.252  INFO 6560 --- [    Test worker] .s.s.UserDetailsServiceAutoConfiguration : 

Using generated security password: f905fd82-fe47-4eba-b5f1-cd7b0c6037c8

2020-03-31 01:30:25.314  INFO 6560 --- [    Test worker] o.s.s.web.DefaultSecurityFilterChain     : Creating filter chain: any request, [org.springframework.security.web.context.request.async.WebAsyncManagerIntegrationFilter@7458cb9c, org.springframework.security.web.context.SecurityContextPersistenceFilter@320aa1c7, org.springframework.security.web.header.HeaderWriterFilter@7d7226, org.springframework.security.web.csrf.CsrfFilter@12d91bea, org.springframework.security.web.authentication.logout.LogoutFilter@7b7ebf8a, org.springframework.security.web.authentication.UsernamePasswordAuthenticationFilter@44234290, org.springframework.security.web.authentication.ui.DefaultLoginPageGeneratingFilter@2a959b6, org.springframework.security.web.authentication.ui.DefaultLogoutPageGeneratingFilter@7c98caf6, org.springframework.security.web.authentication.www.BasicAuthenticationFilter@2c26d061, org.springframework.security.web.savedrequest.RequestCacheAwareFilter@3a20c845, org.springframework.security.web.servletapi.SecurityContextHolderAwareRequestFilter@51276165, org.springframework.security.web.authentication.AnonymousAuthenticationFilter@66a7a8dc, org.springframework.security.web.session.SessionManagementFilter@5aa13f88, org.springframework.security.web.access.ExceptionTranslationFilter@79ce3d8e, org.springframework.security.web.access.intercept.FilterSecurityInterceptor@1f413bcf]
2020-03-31 01:30:25.323  INFO 6560 --- [    Test worker] o.s.b.t.m.w.SpringBootMockServletContext : Initializing Spring TestDispatcherServlet ''
2020-03-31 01:30:25.323  INFO 6560 --- [    Test worker] o.s.t.web.servlet.TestDispatcherServlet  : Initializing Servlet ''
2020-03-31 01:30:25.326  INFO 6560 --- [    Test worker] o.s.t.web.servlet.TestDispatcherServlet  : Completed initialization in 3 ms
2020-03-31 01:30:25.345  INFO 6560 --- [    Test worker] o.r.springboot.web.HelloControllerTest   : Started HelloControllerTest in 0.661 seconds (JVM running for 7.809)
]]></system-out>
  <system-err><![CDATA[]]></system-err>
</testsuite>
